{"meta": {"format": 3, "version": "7.12.0", "timestamp": "2025-11-28T11:18:18.192789", "branch_coverage": false, "show_contexts": false}, "files": {"openhands/runtime/__init__.py": {"executed_lines": [1, 3, 4, 5, 8, 9, 10, 11, 14, 24, 29, 30, 32, 36, 37, 38, 40, 43, 44, 50, 51, 52, 53, 72, 74, 87, 90, 107, 118], "summary": {"covered_lines": 29, "num_statements": 55, "percent_covered": 52.72727272727273, "percent_covered_display": "53", "missing_lines": 26, "excluded_lines": 0, "percent_statements_covered": 52.72727272727273, "percent_statements_covered_display": "53"}, "missing_lines": [45, 47, 56, 61, 62, 63, 64, 65, 66, 67, 69, 70, 75, 77, 79, 80, 82, 84, 95, 96, 97, 98, 99, 100, 101, 119], "excluded_lines": [], "functions": {"get_runtime_cls": {"executed_lines": [], "summary": {"covered_lines": 0, "num_statements": 7, "percent_covered": 0.0, "percent_covered_display": "0", "missing_lines": 7, "excluded_lines": 0, "percent_statements_covered": 0.0, "percent_statements_covered_display": "0"}, "missing_lines": [95, 96, 97, 98, 99, 100, 101], "excluded_lines": []}, "": {"executed_lines": [1, 3, 4, 5, 8, 9, 10, 11, 14, 24, 29, 30, 32, 36, 37, 38, 40, 43, 44, 50, 51, 52, 53, 72, 74, 87, 90, 107, 118], "summary": {"covered_lines": 29, "num_statements": 48, "percent_covered": 60.416666666666664, "percent_covered_display": "60", "missing_lines": 19, "excluded_lines": 0, "percent_statements_covered": 60.416666666666664, "percent_statements_covered_display": "60"}, "missing_lines": [45, 47, 56, 61, 62, 63, 64, 65, 66, 67, 69, 70, 75, 77, 79, 80, 82, 84, 119], "excluded_lines": []}}, "classes": {"": {"executed_lines": [1, 3, 4, 5, 8, 9, 10, 11, 14, 24, 29, 30, 32, 36, 37, 38, 40, 43, 44, 50, 51, 52, 53, 72, 74, 87, 90, 107, 118], "summary": {"covered_lines": 29, "num_statements": 55, "percent_covered": 52.72727272727273, "percent_covered_display": "53", "missing_lines": 26, "excluded_lines": 0, "percent_statements_covered": 52.72727272727273, "percent_statements_covered_display": "53"}, "missing_lines": [45, 47, 56, 61, 62, 63, 64, 65, 66, 67, 69, 70, 75, 77, 79, 80, 82, 84, 95, 96, 97, 98, 99, 100, 101, 119], "excluded_lines": []}}}, "openhands/runtime/action_execution_server.py": {"executed_lines": [], "summary": {"covered_lines": 0, "num_statements": 575, "percent_covered": 0.0, "percent_covered_display": "0", "missing_lines": 575, "excluded_lines": 0, "percent_statements_covered": 0.0, "percent_statements_covered_display": "0"}, "missing_lines": [7, 8, 9, 10, 11, 12, 13, 14, 15, 16, 17, 18, 19, 21, 22, 23, 24, 25, 26, 27, 28, 29, 30, 31, 32, 33, 34, 36, 37, 38, 39, 40, 50, 51, 61, 62, 63, 64, 67, 68, 69, 70, 71, 72, 73, 74, 78, 80, 81, 84, 85, 88, 90, 91, 94, 95, 96, 97, 100, 127, 130, 131, 132, 133, 134, 139, 140, 150, 151, 152, 154, 156, 157, 159, 160, 161, 163, 166, 171, 180, 181, 182, 183, 184, 187, 188, 190, 191, 192, 193, 194, 195, 196, 197, 199, 200, 204, 205, 206, 207, 208, 210, 211, 212, 213, 217, 219, 223, 225, 226, 227, 229, 231, 232, 233, 235, 236, 237, 239, 240, 241, 242, 243, 244, 245, 247, 249, 250, 252, 253, 255, 258, 259, 260, 263, 264, 267, 269, 270, 271, 280, 288, 289, 291, 293, 294, 295, 298, 299, 301, 305, 310, 311, 312, 317, 319, 320, 322, 323, 325, 326, 327, 329, 330, 332, 333, 334, 336, 337, 338, 340, 342, 343, 347, 350, 351, 354, 355, 357, 359, 363, 364, 366, 367, 368, 369, 370, 371, 372, 373, 376, 377, 379, 380, 381, 382, 383, 385, 388, 389, 390, 391, 392, 393, 394, 395, 396, 397, 399, 400, 401, 402, 405, 406, 407, 411, 412, 413, 414, 417, 420, 422, 423, 425, 426, 429, 430, 432, 436, 437, 438, 439, 440, 442, 443, 446, 447, 449, 450, 457, 465, 466, 467, 468, 469, 470, 471, 472, 473, 474, 475, 477, 478, 479, 480, 481, 482, 483, 484, 485, 486, 487, 488, 489, 490, 491, 493, 495, 496, 497, 498, 501, 502, 503, 504, 508, 509, 511, 512, 513, 514, 516, 517, 518, 520, 521, 522, 524, 526, 527, 528, 529, 530, 531, 533, 535, 536, 537, 539, 540, 541, 542, 545, 546, 549, 550, 551, 553, 554, 557, 558, 559, 560, 563, 565, 566, 567, 578, 591, 592, 593, 596, 597, 599, 600, 601, 604, 605, 606, 607, 609, 610, 611, 612, 613, 614, 615, 617, 618, 621, 625, 626, 627, 628, 629, 630, 631, 632, 633, 635, 638, 639, 643, 645, 646, 647, 648, 649, 650, 653, 654, 655, 656, 657, 658, 659, 662, 663, 669, 677, 680, 681, 684, 685, 687, 688, 689, 690, 691, 692, 694, 695, 697, 698, 700, 701, 709, 710, 713, 716, 717, 718, 720, 722, 727, 729, 730, 731, 732, 733, 734, 736, 739, 740, 741, 742, 744, 746, 747, 748, 749, 750, 751, 752, 754, 755, 757, 761, 762, 763, 764, 769, 770, 771, 772, 774, 775, 778, 779, 787, 788, 789, 790, 791, 792, 793, 796, 797, 799, 800, 801, 802, 803, 804, 806, 811, 812, 814, 815, 816, 817, 818, 819, 820, 821, 822, 823, 824, 825, 826, 831, 833, 834, 836, 841, 843, 846, 855, 856, 861, 862, 863, 866, 869, 870, 871, 872, 873, 874, 875, 876, 878, 886, 887, 892, 894, 896, 897, 901, 902, 903, 905, 907, 908, 912, 913, 914, 917, 918, 920, 925, 926, 927, 928, 930, 939, 940, 942, 943, 944, 945, 946, 947, 951, 952, 954, 955, 956, 957, 958, 959, 962, 969, 970, 972, 973, 974, 975, 976, 982, 983, 984, 985, 986, 987, 989, 995, 996, 1017, 1020, 1021, 1024, 1025, 1026, 1027, 1029, 1031, 1033, 1035, 1037, 1038, 1040, 1043, 1044, 1045, 1047, 1050, 1051, 1052, 1053, 1056, 1057, 1059, 1062, 1063, 1066, 1067, 1069, 1070, 1071, 1073, 1075, 1076, 1077, 1078], "excluded_lines": [], "functions": {"verify_api_key": {"executed_lines": [], "summary": {"covered_lines": 0, "num_statements": 3, "percent_covered": 0.0, "percent_covered_display": "0", "missing_lines": 3, "excluded_lines": 0, "percent_statements_covered": 0.0, "percent_statements_covered_display": "0"}, "missing_lines": [95, 96, 97], "excluded_lines": []}, "_execute_file_editor": {"executed_lines": [], "summary": {"covered_lines": 0, "num_statements": 18, "percent_covered": 0.0, "percent_covered_display": "0", "missing_lines": 18, "excluded_lines": 0, "percent_statements_covered": 0.0, "percent_statements_covered_display": "0"}, "missing_lines": [127, 130, 131, 132, 133, 134, 139, 140, 150, 151, 152, 154, 156, 157, 159, 160, 161, 163], "excluded_lines": []}, "ActionExecutor.__init__": {"executed_lines": [], "summary": {"covered_lines": 0, "num_statements": 29, "percent_covered": 0.0, "percent_covered_display": "0", "missing_lines": 29, "excluded_lines": 0, "percent_statements_covered": 0.0, "percent_statements_covered_display": "0"}, "missing_lines": [180, 181, 182, 183, 184, 187, 188, 190, 191, 192, 193, 194, 195, 196, 197, 199, 200, 204, 205, 206, 207, 208, 210, 211, 212, 213, 217, 219, 223], "excluded_lines": []}, "ActionExecutor.initial_cwd": {"executed_lines": [], "summary": {"covered_lines": 0, "num_statements": 1, "percent_covered": 0.0, "percent_covered_display": "0", "missing_lines": 1, "excluded_lines": 0, "percent_statements_covered": 0.0, "percent_statements_covered_display": "0"}, "missing_lines": [227], "excluded_lines": []}, "ActionExecutor._init_browser_async": {"executed_lines": [], "summary": {"covered_lines": 0, "num_statements": 13, "percent_covered": 0.0, "percent_covered_display": "0", "missing_lines": 13, "excluded_lines": 0, "percent_statements_covered": 0.0, "percent_statements_covered_display": "0"}, "missing_lines": [231, 232, 233, 235, 236, 237, 239, 240, 241, 242, 243, 244, 245], "excluded_lines": []}, "ActionExecutor._ensure_browser_ready": {"executed_lines": [], "summary": {"covered_lines": 0, "num_statements": 11, "percent_covered": 0.0, "percent_covered_display": "0", "missing_lines": 11, "excluded_lines": 0, "percent_statements_covered": 0.0, "percent_statements_covered_display": "0"}, "missing_lines": [249, 250, 252, 253, 255, 258, 259, 260, 263, 264, 267], "excluded_lines": []}, "ActionExecutor._create_bash_session": {"executed_lines": [], "summary": {"covered_lines": 0, "num_statements": 5, "percent_covered": 0.0, "percent_covered_display": "0", "missing_lines": 5, "excluded_lines": 0, "percent_statements_covered": 0.0, "percent_statements_covered_display": "0"}, "missing_lines": [270, 271, 280, 288, 289], "excluded_lines": []}, "ActionExecutor.ainit": {"executed_lines": [], "summary": {"covered_lines": 0, "num_statements": 15, "percent_covered": 0.0, "percent_covered_display": "0", "missing_lines": 15, "excluded_lines": 0, "percent_statements_covered": 0.0, "percent_statements_covered_display": "0"}, "missing_lines": [293, 294, 295, 298, 299, 301, 305, 310, 311, 312, 317, 319, 320, 322, 323], "excluded_lines": []}, "ActionExecutor.initialized": {"executed_lines": [], "summary": {"covered_lines": 0, "num_statements": 1, "percent_covered": 0.0, "percent_covered_display": "0", "missing_lines": 1, "excluded_lines": 0, "percent_statements_covered": 0.0, "percent_statements_covered_display": "0"}, "missing_lines": [327], "excluded_lines": []}, "ActionExecutor._init_plugin": {"executed_lines": [], "summary": {"covered_lines": 0, "num_statements": 10, "percent_covered": 0.0, "percent_covered_display": "0", "missing_lines": 10, "excluded_lines": 0, "percent_statements_covered": 0.0, "percent_statements_covered_display": "0"}, "missing_lines": [330, 332, 333, 334, 336, 337, 338, 340, 342, 343], "excluded_lines": []}, "ActionExecutor._init_bash_commands": {"executed_lines": [], "summary": {"covered_lines": 0, "num_statements": 18, "percent_covered": 0.0, "percent_covered_display": "0", "missing_lines": 18, "excluded_lines": 0, "percent_statements_covered": 0.0, "percent_statements_covered_display": "0"}, "missing_lines": [350, 351, 354, 355, 357, 359, 363, 364, 366, 367, 368, 369, 370, 371, 372, 373, 376, 377], "excluded_lines": []}, "ActionExecutor.run_action": {"executed_lines": [], "summary": {"covered_lines": 0, "num_statements": 4, "percent_covered": 0.0, "percent_covered_display": "0", "missing_lines": 4, "excluded_lines": 0, "percent_statements_covered": 0.0, "percent_statements_covered_display": "0"}, "missing_lines": [380, 381, 382, 383], "excluded_lines": []}, "ActionExecutor.run": {"executed_lines": [], "summary": {"covered_lines": 0, "num_statements": 10, "percent_covered": 0.0, "percent_covered_display": "0", "missing_lines": 10, "excluded_lines": 0, "percent_statements_covered": 0.0, "percent_statements_covered_display": "0"}, "missing_lines": [388, 389, 390, 391, 392, 393, 394, 395, 396, 397], "excluded_lines": []}, "ActionExecutor.run_ipython": {"executed_lines": [], "summary": {"covered_lines": 0, "num_statements": 19, "percent_covered": 0.0, "percent_covered_display": "0", "missing_lines": 19, "excluded_lines": 0, "percent_statements_covered": 0.0, "percent_statements_covered_display": "0"}, "missing_lines": [400, 401, 402, 405, 406, 407, 411, 412, 413, 414, 417, 420, 422, 423, 425, 426, 429, 430, 432], "excluded_lines": []}, "ActionExecutor._resolve_path": {"executed_lines": [], "summary": {"covered_lines": 0, "num_statements": 4, "percent_covered": 0.0, "percent_covered_display": "0", "missing_lines": 4, "excluded_lines": 0, "percent_statements_covered": 0.0, "percent_statements_covered_display": "0"}, "missing_lines": [437, 438, 439, 440], "excluded_lines": []}, "ActionExecutor.read": {"executed_lines": [], "summary": {"covered_lines": 0, "num_statements": 43, "percent_covered": 0.0, "percent_covered_display": "0", "missing_lines": 43, "excluded_lines": 0, "percent_statements_covered": 0.0, "percent_statements_covered_display": "0"}, "missing_lines": [443, 446, 447, 449, 450, 457, 465, 466, 467, 468, 469, 470, 471, 472, 473, 474, 475, 477, 478, 479, 480, 481, 482, 483, 484, 485, 486, 487, 488, 489, 490, 491, 493, 495, 496, 497, 498, 501, 502, 503, 504, 508, 509], "excluded_lines": []}, "ActionExecutor.write": {"executed_lines": [], "summary": {"covered_lines": 0, "num_statements": 36, "percent_covered": 0.0, "percent_covered_display": "0", "missing_lines": 36, "excluded_lines": 0, "percent_statements_covered": 0.0, "percent_statements_covered_display": "0"}, "missing_lines": [512, 513, 514, 516, 517, 518, 520, 521, 522, 524, 526, 527, 528, 529, 530, 531, 533, 535, 536, 537, 539, 540, 541, 542, 545, 546, 549, 550, 551, 553, 554, 557, 558, 559, 560, 563], "excluded_lines": []}, "ActionExecutor.edit": {"executed_lines": [], "summary": {"covered_lines": 0, "num_statements": 3, "percent_covered": 0.0, "percent_covered_display": "0", "missing_lines": 3, "excluded_lines": 0, "percent_statements_covered": 0.0, "percent_statements_covered_display": "0"}, "missing_lines": [566, 567, 578], "excluded_lines": []}, "ActionExecutor.browse": {"executed_lines": [], "summary": {"covered_lines": 0, "num_statements": 4, "percent_covered": 0.0, "percent_covered_display": "0", "missing_lines": 4, "excluded_lines": 0, "percent_statements_covered": 0.0, "percent_statements_covered_display": "0"}, "missing_lines": [592, 593, 596, 597], "excluded_lines": []}, "ActionExecutor.browse_interactive": {"executed_lines": [], "summary": {"covered_lines": 0, "num_statements": 29, "percent_covered": 0.0, "percent_covered_display": "0", "missing_lines": 29, "excluded_lines": 0, "percent_statements_covered": 0.0, "percent_statements_covered_display": "0"}, "missing_lines": [600, 601, 604, 605, 606, 607, 609, 610, 611, 612, 613, 614, 615, 617, 618, 621, 625, 626, 627, 628, 629, 630, 631, 632, 633, 635, 638, 639, 643], "excluded_lines": []}, "ActionExecutor.close": {"executed_lines": [], "summary": {"covered_lines": 0, "num_statements": 5, "percent_covered": 0.0, "percent_covered_display": "0", "missing_lines": 5, "excluded_lines": 0, "percent_statements_covered": 0.0, "percent_statements_covered_display": "0"}, "missing_lines": [646, 647, 648, 649, 650], "excluded_lines": []}, "lifespan": {"executed_lines": [], "summary": {"covered_lines": 0, "num_statements": 32, "percent_covered": 0.0, "percent_covered_display": "0", "missing_lines": 32, "excluded_lines": 0, "percent_statements_covered": 0.0, "percent_statements_covered_display": "0"}, "missing_lines": [700, 701, 709, 710, 713, 716, 717, 718, 720, 722, 727, 729, 730, 731, 732, 733, 734, 736, 739, 740, 741, 742, 744, 746, 747, 748, 749, 750, 751, 752, 754, 755], "excluded_lines": []}, "global_exception_handler": {"executed_lines": [], "summary": {"covered_lines": 0, "num_statements": 2, "percent_covered": 0.0, "percent_covered_display": "0", "missing_lines": 2, "excluded_lines": 0, "percent_statements_covered": 0.0, "percent_statements_covered_display": "0"}, "missing_lines": [763, 764], "excluded_lines": []}, "http_exception_handler": {"executed_lines": [], "summary": {"covered_lines": 0, "num_statements": 2, "percent_covered": 0.0, "percent_covered_display": "0", "missing_lines": 2, "excluded_lines": 0, "percent_statements_covered": 0.0, "percent_statements_covered_display": "0"}, "missing_lines": [771, 772], "excluded_lines": []}, "validation_exception_handler": {"executed_lines": [], "summary": {"covered_lines": 0, "num_statements": 2, "percent_covered": 0.0, "percent_covered_display": "0", "missing_lines": 2, "excluded_lines": 0, "percent_statements_covered": 0.0, "percent_statements_covered_display": "0"}, "missing_lines": [778, 779], "excluded_lines": []}, "authenticate_requests": {"executed_lines": [], "summary": {"covered_lines": 0, "num_statements": 7, "percent_covered": 0.0, "percent_covered_display": "0", "missing_lines": 7, "excluded_lines": 0, "percent_statements_covered": 0.0, "percent_statements_covered_display": "0"}, "missing_lines": [789, 790, 791, 792, 793, 796, 797], "excluded_lines": []}, "get_server_info": {"executed_lines": [], "summary": {"covered_lines": 0, "num_statements": 7, "percent_covered": 0.0, "percent_covered_display": "0", "missing_lines": 7, "excluded_lines": 0, "percent_statements_covered": 0.0, "percent_statements_covered_display": "0"}, "missing_lines": [801, 802, 803, 804, 806, 811, 812], "excluded_lines": []}, "execute_action": {"executed_lines": [], "summary": {"covered_lines": 0, "num_statements": 12, "percent_covered": 0.0, "percent_covered_display": "0", "missing_lines": 12, "excluded_lines": 0, "percent_statements_covered": 0.0, "percent_statements_covered_display": "0"}, "missing_lines": [816, 817, 818, 819, 820, 821, 822, 823, 824, 825, 826, 831], "excluded_lines": []}, "update_mcp_server": {"executed_lines": [], "summary": {"covered_lines": 0, "num_statements": 19, "percent_covered": 0.0, "percent_covered_display": "0", "missing_lines": 19, "excluded_lines": 0, "percent_statements_covered": 0.0, "percent_statements_covered_display": "0"}, "missing_lines": [836, 841, 843, 846, 855, 856, 861, 862, 863, 866, 869, 870, 871, 872, 873, 874, 875, 876, 878], "excluded_lines": []}, "upload_file": {"executed_lines": [], "summary": {"covered_lines": 0, "num_statements": 23, "percent_covered": 0.0, "percent_covered_display": "0", "missing_lines": 23, "excluded_lines": 0, "percent_statements_covered": 0.0, "percent_statements_covered_display": "0"}, "missing_lines": [892, 894, 896, 897, 901, 902, 903, 905, 907, 908, 912, 913, 914, 917, 918, 920, 925, 926, 927, 928, 930, 939, 940], "excluded_lines": []}, "download_file": {"executed_lines": [], "summary": {"covered_lines": 0, "num_statements": 15, "percent_covered": 0.0, "percent_covered_display": "0", "missing_lines": 15, "excluded_lines": 0, "percent_statements_covered": 0.0, "percent_statements_covered_display": "0"}, "missing_lines": [944, 945, 946, 947, 951, 952, 954, 955, 956, 957, 958, 959, 962, 969, 970], "excluded_lines": []}, "alive": {"executed_lines": [], "summary": {"covered_lines": 0, "num_statements": 3, "percent_covered": 0.0, "percent_covered_display": "0", "missing_lines": 3, "excluded_lines": 0, "percent_statements_covered": 0.0, "percent_statements_covered_display": "0"}, "missing_lines": [974, 975, 976], "excluded_lines": []}, "get_vscode_connection_token": {"executed_lines": [], "summary": {"covered_lines": 0, "num_statements": 5, "percent_covered": 0.0, "percent_covered_display": "0", "missing_lines": 5, "excluded_lines": 0, "percent_statements_covered": 0.0, "percent_statements_covered_display": "0"}, "missing_lines": [984, 985, 986, 987, 989], "excluded_lines": []}, "list_files": {"executed_lines": [], "summary": {"covered_lines": 0, "num_statements": 32, "percent_covered": 0.0, "percent_covered_display": "0", "missing_lines": 32, "excluded_lines": 0, "percent_statements_covered": 0.0, "percent_statements_covered_display": "0"}, "missing_lines": [1017, 1020, 1021, 1024, 1025, 1026, 1027, 1029, 1031, 1033, 1035, 1037, 1038, 1040, 1043, 1044, 1045, 1047, 1050, 1051, 1052, 1053, 1056, 1057, 1059, 1062, 1063, 1066, 1067, 1069, 1070, 1071], "excluded_lines": []}, "": {"executed_lines": [], "summary": {"covered_lines": 0, "num_statements": 133, "percent_covered": 0.0, "percent_covered_display": "0", "missing_lines": 133, "excluded_lines": 0, "percent_statements_covered": 0.0, "percent_statements_covered_display": "0"}, "missing_lines": [7, 8, 9, 10, 11, 12, 13, 14, 15, 16, 17, 18, 19, 21, 22, 23, 24, 25, 26, 27, 28, 29, 30, 31, 32, 33, 34, 36, 37, 38, 39, 40, 50, 51, 61, 62, 63, 64, 67, 68, 69, 70, 71, 72, 73, 74, 78, 80, 81, 84, 85, 88, 90, 91, 94, 100, 166, 171, 225, 226, 229, 247, 269, 291, 325, 326, 329, 347, 379, 385, 399, 436, 442, 511, 565, 591, 599, 645, 653, 654, 655, 656, 657, 658, 659, 662, 663, 669, 677, 680, 681, 684, 685, 687, 688, 689, 690, 691, 692, 694, 695, 697, 698, 757, 761, 762, 769, 770, 774, 775, 787, 788, 799, 800, 814, 815, 833, 834, 886, 887, 942, 943, 972, 973, 982, 983, 995, 996, 1073, 1075, 1076, 1077, 1078], "excluded_lines": []}}, "classes": {"ActionRequest": {"executed_lines": [], "summary": {"covered_lines": 0, "num_statements": 0, "percent_covered": 100.0, "percent_covered_display": "100", "missing_lines": 0, "excluded_lines": 0, "percent_statements_covered": 100.0, "percent_statements_covered_display": "100"}, "missing_lines": [], "excluded_lines": []}, "ActionExecutor": {"executed_lines": [], "summary": {"covered_lines": 0, "num_statements": 260, "percent_covered": 0.0, "percent_covered_display": "0", "missing_lines": 260, "excluded_lines": 0, "percent_statements_covered": 0.0, "percent_statements_covered_display": "0"}, "missing_lines": [180, 181, 182, 183, 184, 187, 188, 190, 191, 192, 193, 194, 195, 196, 197, 199, 200, 204, 205, 206, 207, 208, 210, 211, 212, 213, 217, 219, 223, 227, 231, 232, 233, 235, 236, 237, 239, 240, 241, 242, 243, 244, 245, 249, 250, 252, 253, 255, 258, 259, 260, 263, 264, 267, 270, 271, 280, 288, 289, 293, 294, 295, 298, 299, 301, 305, 310, 311, 312, 317, 319, 320, 322, 323, 327, 330, 332, 333, 334, 336, 337, 338, 340, 342, 343, 350, 351, 354, 355, 357, 359, 363, 364, 366, 367, 368, 369, 370, 371, 372, 373, 376, 377, 380, 381, 382, 383, 388, 389, 390, 391, 392, 393, 394, 395, 396, 397, 400, 401, 402, 405, 406, 407, 411, 412, 413, 414, 417, 420, 422, 423, 425, 426, 429, 430, 432, 437, 438, 439, 440, 443, 446, 447, 449, 450, 457, 465, 466, 467, 468, 469, 470, 471, 472, 473, 474, 475, 477, 478, 479, 480, 481, 482, 483, 484, 485, 486, 487, 488, 489, 490, 491, 493, 495, 496, 497, 498, 501, 502, 503, 504, 508, 509, 512, 513, 514, 516, 517, 518, 520, 521, 522, 524, 526, 527, 528, 529, 530, 531, 533, 535, 536, 537, 539, 540, 541, 542, 545, 546, 549, 550, 551, 553, 554, 557, 558, 559, 560, 563, 566, 567, 578, 592, 593, 596, 597, 600, 601, 604, 605, 606, 607, 609, 610, 611, 612, 613, 614, 615, 617, 618, 621, 625, 626, 627, 628, 629, 630, 631, 632, 633, 635, 638, 639, 643, 646, 647, 648, 649, 650], "excluded_lines": []}, "": {"executed_lines": [], "summary": {"covered_lines": 0, "num_statements": 315, "percent_covered": 0.0, "percent_covered_display": "0", "missing_lines": 315, "excluded_lines": 0, "percent_statements_covered": 0.0, "percent_statements_covered_display": "0"}, "missing_lines": [7, 8, 9, 10, 11, 12, 13, 14, 15, 16, 17, 18, 19, 21, 22, 23, 24, 25, 26, 27, 28, 29, 30, 31, 32, 33, 34, 36, 37, 38, 39, 40, 50, 51, 61, 62, 63, 64, 67, 68, 69, 70, 71, 72, 73, 74, 78, 80, 81, 84, 85, 88, 90, 91, 94, 95, 96, 97, 100, 127, 130, 131, 132, 133, 134, 139, 140, 150, 151, 152, 154, 156, 157, 159, 160, 161, 163, 166, 171, 225, 226, 229, 247, 269, 291, 325, 326, 329, 347, 379, 385, 399, 436, 442, 511, 565, 591, 599, 645, 653, 654, 655, 656, 657, 658, 659, 662, 663, 669, 677, 680, 681, 684, 685, 687, 688, 689, 690, 691, 692, 694, 695, 697, 698, 700, 701, 709, 710, 713, 716, 717, 718, 720, 722, 727, 729, 730, 731, 732, 733, 734, 736, 739, 740, 741, 742, 744, 746, 747, 748, 749, 750, 751, 752, 754, 755, 757, 761, 762, 763, 764, 769, 770, 771, 772, 774, 775, 778, 779, 787, 788, 789, 790, 791, 792, 793, 796, 797, 799, 800, 801, 802, 803, 804, 806, 811, 812, 814, 815, 816, 817, 818, 819, 820, 821, 822, 823, 824, 825, 826, 831, 833, 834, 836, 841, 843, 846, 855, 856, 861, 862, 863, 866, 869, 870, 871, 872, 873, 874, 875, 876, 878, 886, 887, 892, 894, 896, 897, 901, 902, 903, 905, 907, 908, 912, 913, 914, 917, 918, 920, 925, 926, 927, 928, 930, 939, 940, 942, 943, 944, 945, 946, 947, 951, 952, 954, 955, 956, 957, 958, 959, 962, 969, 970, 972, 973, 974, 975, 976, 982, 983, 984, 985, 986, 987, 989, 995, 996, 1017, 1020, 1021, 1024, 1025, 1026, 1027, 1029, 1031, 1033, 1035, 1037, 1038, 1040, 1043, 1044, 1045, 1047, 1050, 1051, 1052, 1053, 1056, 1057, 1059, 1062, 1063, 1066, 1067, 1069, 1070, 1071, 1073, 1075, 1076, 1077, 1078], "excluded_lines": []}}}, "openhands/runtime/base.py": {"executed_lines": [1, 2, 3, 4, 5, 6, 7, 8, 9, 10, 11, 12, 13, 14, 15, 17, 19, 20, 21, 24, 25, 26, 39, 40, 41, 51, 52, 57, 58, 59, 63, 68, 69, 70, 71, 72, 73, 80, 91, 92, 120, 121, 122, 123, 124, 125, 126, 127, 129, 208, 209, 212, 223, 229, 230, 233, 237, 247, 322, 326, 370, 410, 500, 527, 528, 532, 534, 535, 536, 537, 539, 545, 546, 547, 548, 549, 552, 553, 554, 555, 558, 561, 562, 565, 566, 568, 569, 571, 572, 573, 581, 582, 583, 591, 605, 608, 613, 614, 615, 621, 623, 679, 703, 726, 898, 965, 1058, 1061, 1064, 1065, 1068, 1104, 1105, 1114, 1115, 1118, 1119, 1122, 1123, 1126, 1127, 1130, 1131, 1134, 1135, 1138, 1139, 1142, 1143, 1150, 1151, 1154, 1155, 1162, 1163, 1171, 1172, 1179, 1180, 1183, 1184, 1187, 1188, 1195, 1215, 1222, 1227, 1231, 1252, 1253, 1256, 1271, 1272, 1275, 1276], "summary": {"covered_lines": 154, "num_statements": 547, "percent_covered": 28.153564899451553, "percent_covered_display": "28", "missing_lines": 393, "excluded_lines": 0, "percent_statements_covered": 28.153564899451553, "percent_statements_covered_display": "28"}, "missing_lines": [81, 82, 83, 84, 85, 86, 87, 88, 143, 147, 148, 149, 150, 153, 157, 158, 160, 161, 163, 164, 166, 167, 168, 170, 176, 179, 181, 186, 192, 193, 194, 197, 198, 199, 202, 203, 204, 210, 213, 214, 215, 216, 217, 218, 221, 227, 231, 234, 235, 241, 242, 243, 248, 251, 252, 253, 255, 256, 257, 259, 262, 263, 265, 267, 269, 270, 273, 275, 276, 278, 279, 281, 282, 283, 289, 293, 294, 295, 297, 299, 301, 302, 304, 305, 307, 308, 309, 314, 315, 316, 317, 318, 323, 324, 328, 332, 333, 335, 344, 348, 351, 355, 356, 358, 359, 360, 363, 364, 365, 371, 373, 374, 375, 376, 377, 378, 380, 381, 384, 385, 386, 387, 388, 389, 390, 391, 392, 393, 394, 395, 396, 397, 398, 400, 401, 404, 405, 407, 408, 416, 417, 418, 421, 424, 426, 429, 431, 435, 436, 438, 439, 443, 446, 449, 451, 452, 453, 456, 459, 465, 466, 468, 471, 472, 473, 475, 476, 482, 483, 484, 489, 498, 502, 503, 504, 505, 507, 508, 513, 518, 521, 522, 525, 530, 540, 574, 578, 584, 588, 609, 610, 616, 619, 635, 637, 642, 644, 645, 649, 651, 655, 656, 658, 659, 660, 662, 663, 665, 670, 671, 672, 673, 675, 677, 688, 689, 692, 697, 698, 701, 712, 713, 716, 721, 722, 724, 748, 750, 755, 757, 758, 762, 765, 766, 771, 772, 774, 776, 780, 787, 788, 789, 792, 794, 796, 802, 804, 805, 811, 812, 818, 819, 823, 824, 825, 829, 831, 834, 839, 840, 842, 843, 849, 850, 855, 859, 865, 866, 868, 873, 876, 880, 885, 886, 890, 891, 896, 913, 914, 915, 918, 920, 921, 924, 925, 927, 934, 937, 939, 943, 947, 948, 949, 958, 961, 963, 970, 971, 972, 973, 975, 978, 980, 982, 983, 984, 989, 991, 992, 993, 998, 999, 1003, 1005, 1006, 1007, 1012, 1013, 1018, 1019, 1025, 1030, 1031, 1036, 1037, 1038, 1039, 1040, 1041, 1044, 1048, 1051, 1052, 1059, 1062, 1066, 1075, 1076, 1079, 1080, 1081, 1084, 1087, 1090, 1091, 1092, 1093, 1094, 1098, 1101, 1102, 1108, 1116, 1120, 1124, 1128, 1132, 1136, 1140, 1144, 1152, 1160, 1165, 1173, 1181, 1185, 1189, 1199, 1202, 1203, 1205, 1206, 1208, 1209, 1210, 1211, 1213, 1217, 1218, 1219, 1220, 1223, 1224, 1225, 1228, 1229, 1242, 1244, 1247, 1249, 1250, 1254, 1269], "excluded_lines": [], "functions": {"_default_env_vars": {"executed_lines": [], "summary": {"covered_lines": 0, "num_statements": 8, "percent_covered": 0.0, "percent_covered_display": "0", "missing_lines": 8, "excluded_lines": 0, "percent_statements_covered": 0.0, "percent_statements_covered_display": "0"}, "missing_lines": [81, 82, 83, 84, 85, 86, 87, 88], "excluded_lines": []}, "Runtime.__init__": {"executed_lines": [], "summary": {"covered_lines": 0, "num_statements": 29, "percent_covered": 0.0, "percent_covered_display": "0", "missing_lines": 29, "excluded_lines": 0, "percent_statements_covered": 0.0, "percent_statements_covered_display": "0"}, "missing_lines": [143, 147, 148, 149, 150, 153, 157, 158, 160, 161, 163, 164, 166, 167, 168, 170, 176, 179, 181, 186, 192, 193, 194, 197, 198, 199, 202, 203, 204], "excluded_lines": []}, "Runtime.runtime_initialized": {"executed_lines": [], "summary": {"covered_lines": 0, "num_statements": 1, "percent_covered": 0.0, "percent_covered_display": "0", "missing_lines": 1, "excluded_lines": 0, "percent_statements_covered": 0.0, "percent_statements_covered_display": "0"}, "missing_lines": [210], "excluded_lines": []}, "Runtime.setup_initial_env": {"executed_lines": [], "summary": {"covered_lines": 0, "num_statements": 7, "percent_covered": 0.0, "percent_covered_display": "0", "missing_lines": 7, "excluded_lines": 0, "percent_statements_covered": 0.0, "percent_statements_covered_display": "0"}, "missing_lines": [213, 214, 215, 216, 217, 218, 221], "excluded_lines": []}, "Runtime.close": {"executed_lines": [], "summary": {"covered_lines": 0, "num_statements": 1, "percent_covered": 0.0, "percent_covered_display": "0", "missing_lines": 1, "excluded_lines": 0, "percent_statements_covered": 0.0, "percent_statements_covered_display": "0"}, "missing_lines": [227], "excluded_lines": []}, "Runtime.delete": {"executed_lines": [], "summary": {"covered_lines": 0, "num_statements": 1, "percent_covered": 0.0, "percent_covered_display": "0", "missing_lines": 1, "excluded_lines": 0, "percent_statements_covered": 0.0, "percent_statements_covered_display": "0"}, "missing_lines": [231], "excluded_lines": []}, "Runtime.log": {"executed_lines": [], "summary": {"covered_lines": 0, "num_statements": 2, "percent_covered": 0.0, "percent_covered_display": "0", "missing_lines": 2, "excluded_lines": 0, "percent_statements_covered": 0.0, "percent_statements_covered_display": "0"}, "missing_lines": [234, 235], "excluded_lines": []}, "Runtime.set_runtime_status": {"executed_lines": [], "summary": {"covered_lines": 0, "num_statements": 3, "percent_covered": 0.0, "percent_covered_display": "0", "missing_lines": 3, "excluded_lines": 0, "percent_statements_covered": 0.0, "percent_statements_covered_display": "0"}, "missing_lines": [241, 242, 243], "excluded_lines": []}, "Runtime.add_env_vars": {"executed_lines": [], "summary": {"covered_lines": 0, "num_statements": 40, "percent_covered": 0.0, "percent_covered_display": "0", "missing_lines": 40, "excluded_lines": 0, "percent_statements_covered": 0.0, "percent_statements_covered_display": "0"}, "missing_lines": [248, 251, 252, 253, 255, 256, 257, 259, 262, 263, 265, 267, 269, 270, 273, 275, 276, 278, 279, 281, 282, 283, 289, 293, 294, 295, 297, 299, 301, 302, 304, 305, 307, 308, 309, 314, 315, 316, 317, 318], "excluded_lines": []}, "Runtime.on_event": {"executed_lines": [], "summary": {"covered_lines": 0, "num_statements": 2, "percent_covered": 0.0, "percent_covered_display": "0", "missing_lines": 2, "excluded_lines": 0, "percent_statements_covered": 0.0, "percent_statements_covered_display": "0"}, "missing_lines": [323, 324], "excluded_lines": []}, "Runtime._export_latest_git_provider_tokens": {"executed_lines": [], "summary": {"covered_lines": 0, "num_statements": 15, "percent_covered": 0.0, "percent_covered_display": "0", "missing_lines": 15, "excluded_lines": 0, "percent_statements_covered": 0.0, "percent_statements_covered_display": "0"}, "missing_lines": [328, 332, 333, 335, 344, 348, 351, 355, 356, 358, 359, 360, 363, 364, 365], "excluded_lines": []}, "Runtime._handle_action": {"executed_lines": [], "summary": {"covered_lines": 0, "num_statements": 30, "percent_covered": 0.0, "percent_covered_display": "0", "missing_lines": 30, "excluded_lines": 0, "percent_statements_covered": 0.0, "percent_statements_covered_display": "0"}, "missing_lines": [371, 373, 374, 375, 376, 377, 378, 380, 381, 384, 385, 386, 387, 388, 389, 390, 391, 392, 393, 394, 395, 396, 397, 398, 400, 401, 404, 405, 407, 408], "excluded_lines": []}, "Runtime.clone_or_init_repo": {"executed_lines": [], "summary": {"covered_lines": 0, "num_statements": 33, "percent_covered": 0.0, "percent_covered_display": "0", "missing_lines": 33, "excluded_lines": 0, "percent_statements_covered": 0.0, "percent_statements_covered_display": "0"}, "missing_lines": [416, 417, 418, 421, 424, 426, 429, 431, 435, 436, 438, 439, 443, 446, 449, 451, 452, 453, 456, 459, 465, 466, 468, 471, 472, 473, 475, 476, 482, 483, 484, 489, 498], "excluded_lines": []}, "Runtime.maybe_run_setup_script": {"executed_lines": [], "summary": {"covered_lines": 0, "num_statements": 11, "percent_covered": 0.0, "percent_covered_display": "0", "missing_lines": 11, "excluded_lines": 0, "percent_statements_covered": 0.0, "percent_statements_covered_display": "0"}, "missing_lines": [502, 503, 504, 505, 507, 508, 513, 518, 521, 522, 525], "excluded_lines": []}, "Runtime.workspace_root": {"executed_lines": [], "summary": {"covered_lines": 0, "num_statements": 1, "percent_covered": 0.0, "percent_covered_display": "0", "missing_lines": 1, "excluded_lines": 0, "percent_statements_covered": 0.0, "percent_statements_covered_display": "0"}, "missing_lines": [530], "excluded_lines": []}, "Runtime.maybe_setup_git_hooks": {"executed_lines": [534, 535, 536, 537, 539, 545, 546, 547, 548, 549, 552, 553, 554, 555, 558, 561, 562, 565, 566, 568, 569, 571, 572, 573, 581, 582, 583, 591, 605, 608, 613, 614, 615, 621], "summary": {"covered_lines": 34, "num_statements": 43, "percent_covered": 79.06976744186046, "percent_covered_display": "79", "missing_lines": 9, "excluded_lines": 0, "percent_statements_covered": 79.06976744186046, "percent_statements_covered_display": "79"}, "missing_lines": [540, 574, 578, 584, 588, 609, 610, 616, 619], "excluded_lines": []}, "Runtime._load_microagents_from_directory": {"executed_lines": [], "summary": {"covered_lines": 0, "num_statements": 21, "percent_covered": 0.0, "percent_covered_display": "0", "missing_lines": 21, "excluded_lines": 0, "percent_statements_covered": 0.0, "percent_statements_covered_display": "0"}, "missing_lines": [635, 637, 642, 644, 645, 649, 651, 655, 656, 658, 659, 660, 662, 663, 665, 670, 671, 672, 673, 675, 677], "excluded_lines": []}, "Runtime._is_gitlab_repository": {"executed_lines": [], "summary": {"covered_lines": 0, "num_statements": 6, "percent_covered": 0.0, "percent_covered_display": "0", "missing_lines": 6, "excluded_lines": 0, "percent_statements_covered": 0.0, "percent_statements_covered_display": "0"}, "missing_lines": [688, 689, 692, 697, 698, 701], "excluded_lines": []}, "Runtime._is_azure_devops_repository": {"executed_lines": [], "summary": {"covered_lines": 0, "num_statements": 6, "percent_covered": 0.0, "percent_covered_display": "0", "missing_lines": 6, "excluded_lines": 0, "percent_statements_covered": 0.0, "percent_statements_covered_display": "0"}, "missing_lines": [712, 713, 716, 721, 722, 724], "excluded_lines": []}, "Runtime.get_microagents_from_org_or_user": {"executed_lines": [], "summary": {"covered_lines": 0, "num_statements": 51, "percent_covered": 0.0, "percent_covered_display": "0", "missing_lines": 51, "excluded_lines": 0, "percent_statements_covered": 0.0, "percent_statements_covered_display": "0"}, "missing_lines": [748, 750, 755, 757, 758, 762, 765, 766, 771, 772, 774, 776, 780, 787, 788, 789, 792, 794, 796, 802, 804, 805, 811, 812, 818, 819, 823, 824, 825, 829, 831, 834, 839, 840, 842, 843, 849, 850, 855, 859, 865, 866, 868, 873, 876, 880, 885, 886, 890, 891, 896], "excluded_lines": []}, "Runtime.get_microagents_from_selected_repo": {"executed_lines": [], "summary": {"covered_lines": 0, "num_statements": 19, "percent_covered": 0.0, "percent_covered_display": "0", "missing_lines": 19, "excluded_lines": 0, "percent_statements_covered": 0.0, "percent_statements_covered_display": "0"}, "missing_lines": [913, 914, 915, 918, 920, 921, 924, 925, 927, 934, 937, 939, 943, 947, 948, 949, 958, 961, 963], "excluded_lines": []}, "Runtime.run_action": {"executed_lines": [], "summary": {"covered_lines": 0, "num_statements": 37, "percent_covered": 0.0, "percent_covered_display": "0", "missing_lines": 37, "excluded_lines": 0, "percent_statements_covered": 0.0, "percent_statements_covered_display": "0"}, "missing_lines": [970, 971, 972, 973, 975, 978, 980, 982, 983, 984, 989, 991, 992, 993, 998, 999, 1003, 1005, 1006, 1007, 1012, 1013, 1018, 1019, 1025, 1030, 1031, 1036, 1037, 1038, 1039, 1040, 1041, 1044, 1048, 1051, 1052], "excluded_lines": []}, "Runtime.__enter__": {"executed_lines": [], "summary": {"covered_lines": 0, "num_statements": 1, "percent_covered": 0.0, "percent_covered_display": "0", "missing_lines": 1, "excluded_lines": 0, "percent_statements_covered": 0.0, "percent_statements_covered_display": "0"}, "missing_lines": [1059], "excluded_lines": []}, "Runtime.__exit__": {"executed_lines": [], "summary": {"covered_lines": 0, "num_statements": 1, "percent_covered": 0.0, "percent_covered_display": "0", "missing_lines": 1, "excluded_lines": 0, "percent_statements_covered": 0.0, "percent_statements_covered_display": "0"}, "missing_lines": [1062], "excluded_lines": []}, "Runtime.connect": {"executed_lines": [], "summary": {"covered_lines": 0, "num_statements": 1, "percent_covered": 0.0, "percent_covered_display": "0", "missing_lines": 1, "excluded_lines": 0, "percent_statements_covered": 0.0, "percent_statements_covered_display": "0"}, "missing_lines": [1066], "excluded_lines": []}, "Runtime._setup_git_config": {"executed_lines": [], "summary": {"covered_lines": 0, "num_statements": 15, "percent_covered": 0.0, "percent_covered_display": "0", "missing_lines": 15, "excluded_lines": 0, "percent_statements_covered": 0.0, "percent_statements_covered_display": "0"}, "missing_lines": [1075, 1076, 1079, 1080, 1081, 1084, 1087, 1090, 1091, 1092, 1093, 1094, 1098, 1101, 1102], "excluded_lines": []}, "Runtime.get_mcp_config": {"executed_lines": [], "summary": {"covered_lines": 0, "num_statements": 1, "percent_covered": 0.0, "percent_covered_display": "0", "missing_lines": 1, "excluded_lines": 0, "percent_statements_covered": 0.0, "percent_statements_covered_display": "0"}, "missing_lines": [1108], "excluded_lines": []}, "Runtime.run": {"executed_lines": [], "summary": {"covered_lines": 0, "num_statements": 1, "percent_covered": 0.0, "percent_covered_display": "0", "missing_lines": 1, "excluded_lines": 0, "percent_statements_covered": 0.0, "percent_statements_covered_display": "0"}, "missing_lines": [1116], "excluded_lines": []}, "Runtime.run_ipython": {"executed_lines": [], "summary": {"covered_lines": 0, "num_statements": 1, "percent_covered": 0.0, "percent_covered_display": "0", "missing_lines": 1, "excluded_lines": 0, "percent_statements_covered": 0.0, "percent_statements_covered_display": "0"}, "missing_lines": [1120], "excluded_lines": []}, "Runtime.read": {"executed_lines": [], "summary": {"covered_lines": 0, "num_statements": 1, "percent_covered": 0.0, "percent_covered_display": "0", "missing_lines": 1, "excluded_lines": 0, "percent_statements_covered": 0.0, "percent_statements_covered_display": "0"}, "missing_lines": [1124], "excluded_lines": []}, "Runtime.write": {"executed_lines": [], "summary": {"covered_lines": 0, "num_statements": 1, "percent_covered": 0.0, "percent_covered_display": "0", "missing_lines": 1, "excluded_lines": 0, "percent_statements_covered": 0.0, "percent_statements_covered_display": "0"}, "missing_lines": [1128], "excluded_lines": []}, "Runtime.edit": {"executed_lines": [], "summary": {"covered_lines": 0, "num_statements": 1, "percent_covered": 0.0, "percent_covered_display": "0", "missing_lines": 1, "excluded_lines": 0, "percent_statements_covered": 0.0, "percent_statements_covered_display": "0"}, "missing_lines": [1132], "excluded_lines": []}, "Runtime.browse": {"executed_lines": [], "summary": {"covered_lines": 0, "num_statements": 1, "percent_covered": 0.0, "percent_covered_display": "0", "missing_lines": 1, "excluded_lines": 0, "percent_statements_covered": 0.0, "percent_statements_covered_display": "0"}, "missing_lines": [1136], "excluded_lines": []}, "Runtime.browse_interactive": {"executed_lines": [], "summary": {"covered_lines": 0, "num_statements": 1, "percent_covered": 0.0, "percent_covered_display": "0", "missing_lines": 1, "excluded_lines": 0, "percent_statements_covered": 0.0, "percent_statements_covered_display": "0"}, "missing_lines": [1140], "excluded_lines": []}, "Runtime.call_tool_mcp": {"executed_lines": [], "summary": {"covered_lines": 0, "num_statements": 1, "percent_covered": 0.0, "percent_covered_display": "0", "missing_lines": 1, "excluded_lines": 0, "percent_statements_covered": 0.0, "percent_statements_covered_display": "0"}, "missing_lines": [1144], "excluded_lines": []}, "Runtime.copy_to": {"executed_lines": [], "summary": {"covered_lines": 0, "num_statements": 1, "percent_covered": 0.0, "percent_covered_display": "0", "missing_lines": 1, "excluded_lines": 0, "percent_statements_covered": 0.0, "percent_statements_covered_display": "0"}, "missing_lines": [1152], "excluded_lines": []}, "Runtime.list_files": {"executed_lines": [], "summary": {"covered_lines": 0, "num_statements": 1, "percent_covered": 0.0, "percent_covered_display": "0", "missing_lines": 1, "excluded_lines": 0, "percent_statements_covered": 0.0, "percent_statements_covered_display": "0"}, "missing_lines": [1160], "excluded_lines": []}, "Runtime.copy_from": {"executed_lines": [], "summary": {"covered_lines": 0, "num_statements": 1, "percent_covered": 0.0, "percent_covered_display": "0", "missing_lines": 1, "excluded_lines": 0, "percent_statements_covered": 0.0, "percent_statements_covered_display": "0"}, "missing_lines": [1165], "excluded_lines": []}, "Runtime.session_api_key": {"executed_lines": [], "summary": {"covered_lines": 0, "num_statements": 1, "percent_covered": 0.0, "percent_covered_display": "0", "missing_lines": 1, "excluded_lines": 0, "percent_statements_covered": 0.0, "percent_statements_covered_display": "0"}, "missing_lines": [1173], "excluded_lines": []}, "Runtime.vscode_enabled": {"executed_lines": [], "summary": {"covered_lines": 0, "num_statements": 1, "percent_covered": 0.0, "percent_covered_display": "0", "missing_lines": 1, "excluded_lines": 0, "percent_statements_covered": 0.0, "percent_statements_covered_display": "0"}, "missing_lines": [1181], "excluded_lines": []}, "Runtime.vscode_url": {"executed_lines": [], "summary": {"covered_lines": 0, "num_statements": 1, "percent_covered": 0.0, "percent_covered_display": "0", "missing_lines": 1, "excluded_lines": 0, "percent_statements_covered": 0.0, "percent_statements_covered_display": "0"}, "missing_lines": [1185], "excluded_lines": []}, "Runtime.web_hosts": {"executed_lines": [], "summary": {"covered_lines": 0, "num_statements": 1, "percent_covered": 0.0, "percent_covered_display": "0", "missing_lines": 1, "excluded_lines": 0, "percent_statements_covered": 0.0, "percent_statements_covered_display": "0"}, "missing_lines": [1189], "excluded_lines": []}, "Runtime._execute_shell_fn_git_handler": {"executed_lines": [], "summary": {"covered_lines": 0, "num_statements": 10, "percent_covered": 0.0, "percent_covered_display": "0", "missing_lines": 10, "excluded_lines": 0, "percent_statements_covered": 0.0, "percent_statements_covered_display": "0"}, "missing_lines": [1199, 1202, 1203, 1205, 1206, 1208, 1209, 1210, 1211, 1213], "excluded_lines": []}, "Runtime._create_file_fn_git_handler": {"executed_lines": [], "summary": {"covered_lines": 0, "num_statements": 4, "percent_covered": 0.0, "percent_covered_display": "0", "missing_lines": 4, "excluded_lines": 0, "percent_statements_covered": 0.0, "percent_statements_covered_display": "0"}, "missing_lines": [1217, 1218, 1219, 1220], "excluded_lines": []}, "Runtime.get_git_changes": {"executed_lines": [], "summary": {"covered_lines": 0, "num_statements": 3, "percent_covered": 0.0, "percent_covered_display": "0", "missing_lines": 3, "excluded_lines": 0, "percent_statements_covered": 0.0, "percent_statements_covered_display": "0"}, "missing_lines": [1223, 1224, 1225], "excluded_lines": []}, "Runtime.get_git_diff": {"executed_lines": [], "summary": {"covered_lines": 0, "num_statements": 2, "percent_covered": 0.0, "percent_covered_display": "0", "missing_lines": 2, "excluded_lines": 0, "percent_statements_covered": 0.0, "percent_statements_covered_display": "0"}, "missing_lines": [1228, 1229], "excluded_lines": []}, "Runtime.get_workspace_branch": {"executed_lines": [], "summary": {"covered_lines": 0, "num_statements": 5, "percent_covered": 0.0, "percent_covered_display": "0", "missing_lines": 5, "excluded_lines": 0, "percent_statements_covered": 0.0, "percent_statements_covered_display": "0"}, "missing_lines": [1242, 1244, 1247, 1249, 1250], "excluded_lines": []}, "Runtime.additional_agent_instructions": {"executed_lines": [], "summary": {"covered_lines": 0, "num_statements": 1, "percent_covered": 0.0, "percent_covered_display": "0", "missing_lines": 1, "excluded_lines": 0, "percent_statements_covered": 0.0, "percent_statements_covered_display": "0"}, "missing_lines": [1254], "excluded_lines": []}, "Runtime.subscribe_to_shell_stream": {"executed_lines": [], "summary": {"covered_lines": 0, "num_statements": 1, "percent_covered": 0.0, "percent_covered_display": "0", "missing_lines": 1, "excluded_lines": 0, "percent_statements_covered": 0.0, "percent_statements_covered_display": "0"}, "missing_lines": [1269], "excluded_lines": []}, "Runtime.setup": {"executed_lines": [], "summary": {"covered_lines": 0, "num_statements": 0, "percent_covered": 100.0, "percent_covered_display": "100", "missing_lines": 0, "excluded_lines": 0, "percent_statements_covered": 100.0, "percent_statements_covered_display": "100"}, "missing_lines": [], "excluded_lines": []}, "Runtime.teardown": {"executed_lines": [], "summary": {"covered_lines": 0, "num_statements": 0, "percent_covered": 100.0, "percent_covered_display": "100", "missing_lines": 0, "excluded_lines": 0, "percent_statements_covered": 100.0, "percent_statements_covered_display": "100"}, "missing_lines": [], "excluded_lines": []}, "": {"executed_lines": [1, 2, 3, 4, 5, 6, 7, 8, 9, 10, 11, 12, 13, 14, 15, 17, 19, 20, 21, 24, 25, 26, 39, 40, 41, 51, 52, 57, 58, 59, 63, 68, 69, 70, 71, 72, 73, 80, 91, 92, 120, 121, 122, 123, 124, 125, 126, 127, 129, 208, 209, 212, 223, 229, 230, 233, 237, 247, 322, 326, 370, 410, 500, 527, 528, 532, 623, 679, 703, 726, 898, 965, 1058, 1061, 1064, 1065, 1068, 1104, 1105, 1114, 1115, 1118, 1119, 1122, 1123, 1126, 1127, 1130, 1131, 1134, 1135, 1138, 1139, 1142, 1143, 1150, 1151, 1154, 1155, 1162, 1163, 1171, 1172, 1179, 1180, 1183, 1184, 1187, 1188, 1195, 1215, 1222, 1227, 1231, 1252, 1253, 1256, 1271, 1272, 1275, 1276], "summary": {"covered_lines": 120, "num_statements": 120, "percent_covered": 100.0, "percent_covered_display": "100", "missing_lines": 0, "excluded_lines": 0, "percent_statements_covered": 100.0, "percent_statements_covered_display": "100"}, "missing_lines": [], "excluded_lines": []}}, "classes": {"Runtime": {"executed_lines": [534, 535, 536, 537, 539, 545, 546, 547, 548, 549, 552, 553, 554, 555, 558, 561, 562, 565, 566, 568, 569, 571, 572, 573, 581, 582, 583, 591, 605, 608, 613, 614, 615, 621], "summary": {"covered_lines": 34, "num_statements": 419, "percent_covered": 8.1145584725537, "percent_covered_display": "8", "missing_lines": 385, "excluded_lines": 0, "percent_statements_covered": 8.1145584725537, "percent_statements_covered_display": "8"}, "missing_lines": [143, 147, 148, 149, 150, 153, 157, 158, 160, 161, 163, 164, 166, 167, 168, 170, 176, 179, 181, 186, 192, 193, 194, 197, 198, 199, 202, 203, 204, 210, 213, 214, 215, 216, 217, 218, 221, 227, 231, 234, 235, 241, 242, 243, 248, 251, 252, 253, 255, 256, 257, 259, 262, 263, 265, 267, 269, 270, 273, 275, 276, 278, 279, 281, 282, 283, 289, 293, 294, 295, 297, 299, 301, 302, 304, 305, 307, 308, 309, 314, 315, 316, 317, 318, 323, 324, 328, 332, 333, 335, 344, 348, 351, 355, 356, 358, 359, 360, 363, 364, 365, 371, 373, 374, 375, 376, 377, 378, 380, 381, 384, 385, 386, 387, 388, 389, 390, 391, 392, 393, 394, 395, 396, 397, 398, 400, 401, 404, 405, 407, 408, 416, 417, 418, 421, 424, 426, 429, 431, 435, 436, 438, 439, 443, 446, 449, 451, 452, 453, 456, 459, 465, 466, 468, 471, 472, 473, 475, 476, 482, 483, 484, 489, 498, 502, 503, 504, 505, 507, 508, 513, 518, 521, 522, 525, 530, 540, 574, 578, 584, 588, 609, 610, 616, 619, 635, 637, 642, 644, 645, 649, 651, 655, 656, 658, 659, 660, 662, 663, 665, 670, 671, 672, 673, 675, 677, 688, 689, 692, 697, 698, 701, 712, 713, 716, 721, 722, 724, 748, 750, 755, 757, 758, 762, 765, 766, 771, 772, 774, 776, 780, 787, 788, 789, 792, 794, 796, 802, 804, 805, 811, 812, 818, 819, 823, 824, 825, 829, 831, 834, 839, 840, 842, 843, 849, 850, 855, 859, 865, 866, 868, 873, 876, 880, 885, 886, 890, 891, 896, 913, 914, 915, 918, 920, 921, 924, 925, 927, 934, 937, 939, 943, 947, 948, 949, 958, 961, 963, 970, 971, 972, 973, 975, 978, 980, 982, 983, 984, 989, 991, 992, 993, 998, 999, 1003, 1005, 1006, 1007, 1012, 1013, 1018, 1019, 1025, 1030, 1031, 1036, 1037, 1038, 1039, 1040, 1041, 1044, 1048, 1051, 1052, 1059, 1062, 1066, 1075, 1076, 1079, 1080, 1081, 1084, 1087, 1090, 1091, 1092, 1093, 1094, 1098, 1101, 1102, 1108, 1116, 1120, 1124, 1128, 1132, 1136, 1140, 1144, 1152, 1160, 1165, 1173, 1181, 1185, 1189, 1199, 1202, 1203, 1205, 1206, 1208, 1209, 1210, 1211, 1213, 1217, 1218, 1219, 1220, 1223, 1224, 1225, 1228, 1229, 1242, 1244, 1247, 1249, 1250, 1254, 1269], "excluded_lines": []}, "": {"executed_lines": [1, 2, 3, 4, 5, 6, 7, 8, 9, 10, 11, 12, 13, 14, 15, 17, 19, 20, 21, 24, 25, 26, 39, 40, 41, 51, 52, 57, 58, 59, 63, 68, 69, 70, 71, 72, 73, 80, 91, 92, 120, 121, 122, 123, 124, 125, 126, 127, 129, 208, 209, 212, 223, 229, 230, 233, 237, 247, 322, 326, 370, 410, 500, 527, 528, 532, 623, 679, 703, 726, 898, 965, 1058, 1061, 1064, 1065, 1068, 1104, 1105, 1114, 1115, 1118, 1119, 1122, 1123, 1126, 1127, 1130, 1131, 1134, 1135, 1138, 1139, 1142, 1143, 1150, 1151, 1154, 1155, 1162, 1163, 1171, 1172, 1179, 1180, 1183, 1184, 1187, 1188, 1195, 1215, 1222, 1227, 1231, 1252, 1253, 1256, 1271, 1272, 1275, 1276], "summary": {"covered_lines": 120, "num_statements": 128, "percent_covered": 93.75, "percent_covered_display": "94", "missing_lines": 8, "excluded_lines": 0, "percent_statements_covered": 93.75, "percent_statements_covered_display": "94"}, "missing_lines": [81, 82, 83, 84, 85, 86, 87, 88], "excluded_lines": []}}}, "openhands/runtime/browser/__init__.py": {"executed_lines": [], "summary": {"covered_lines": 0, "num_statements": 2, "percent_covered": 0.0, "percent_covered_display": "0", "missing_lines": 2, "excluded_lines": 0, "percent_statements_covered": 0.0, "percent_statements_covered_display": "0"}, "missing_lines": [1, 3], "excluded_lines": [], "functions": {"": {"executed_lines": [], "summary": {"covered_lines": 0, "num_statements": 2, "percent_covered": 0.0, "percent_covered_display": "0", "missing_lines": 2, "excluded_lines": 0, "percent_statements_covered": 0.0, "percent_statements_covered_display": "0"}, "missing_lines": [1, 3], "excluded_lines": []}}, "classes": {"": {"executed_lines": [], "summary": {"covered_lines": 0, "num_statements": 2, "percent_covered": 0.0, "percent_covered_display": "0", "missing_lines": 2, "excluded_lines": 0, "percent_statements_covered": 0.0, "percent_statements_covered_display": "0"}, "missing_lines": [1, 3], "excluded_lines": []}}}, "openhands/runtime/browser/base64.py": {"executed_lines": [], "summary": {"covered_lines": 0, "num_statements": 19, "percent_covered": 0.0, "percent_covered_display": "0", "missing_lines": 19, "excluded_lines": 0, "percent_statements_covered": 0.0, "percent_statements_covered_display": "0"}, "missing_lines": [1, 2, 4, 5, 8, 12, 13, 14, 15, 16, 17, 19, 20, 27, 29, 30, 31, 33, 34], "excluded_lines": [], "functions": {"image_to_png_base64_url": {"executed_lines": [], "summary": {"covered_lines": 0, "num_statements": 8, "percent_covered": 0.0, "percent_covered_display": "0", "missing_lines": 8, "excluded_lines": 0, "percent_statements_covered": 0.0, "percent_statements_covered_display": "0"}, "missing_lines": [12, 13, 14, 15, 16, 17, 19, 20], "excluded_lines": []}, "png_base64_url_to_image": {"executed_lines": [], "summary": {"covered_lines": 0, "num_statements": 5, "percent_covered": 0.0, "percent_covered_display": "0", "missing_lines": 5, "excluded_lines": 0, "percent_statements_covered": 0.0, "percent_statements_covered_display": "0"}, "missing_lines": [29, 30, 31, 33, 34], "excluded_lines": []}, "": {"executed_lines": [], "summary": {"covered_lines": 0, "num_statements": 6, "percent_covered": 0.0, "percent_covered_display": "0", "missing_lines": 6, "excluded_lines": 0, "percent_statements_covered": 0.0, "percent_statements_covered_display": "0"}, "missing_lines": [1, 2, 4, 5, 8, 27], "excluded_lines": []}}, "classes": {"": {"executed_lines": [], "summary": {"covered_lines": 0, "num_statements": 19, "percent_covered": 0.0, "percent_covered_display": "0", "missing_lines": 19, "excluded_lines": 0, "percent_statements_covered": 0.0, "percent_statements_covered_display": "0"}, "missing_lines": [1, 2, 4, 5, 8, 12, 13, 14, 15, 16, 17, 19, 20, 27, 29, 30, 31, 33, 34], "excluded_lines": []}}}, "openhands/runtime/browser/browser_env.py": {"executed_lines": [], "summary": {"covered_lines": 0, "num_statements": 154, "percent_covered": 0.0, "percent_covered_display": "0", "missing_lines": 154, "excluded_lines": 0, "percent_statements_covered": 0.0, "percent_statements_covered_display": "0"}, "missing_lines": [1, 2, 3, 4, 5, 7, 8, 9, 10, 11, 13, 14, 15, 16, 17, 19, 20, 23, 24, 25, 26, 27, 30, 31, 34, 35, 37, 38, 40, 41, 43, 44, 46, 48, 49, 51, 56, 57, 58, 59, 60, 61, 62, 63, 65, 66, 67, 69, 70, 71, 72, 73, 74, 75, 76, 77, 79, 80, 81, 82, 83, 85, 88, 90, 101, 103, 105, 106, 107, 108, 109, 110, 111, 112, 113, 114, 115, 116, 117, 118, 119, 120, 121, 123, 124, 125, 126, 129, 130, 131, 132, 133, 134, 135, 138, 139, 148, 149, 150, 156, 158, 159, 162, 163, 166, 167, 169, 175, 178, 179, 180, 181, 182, 183, 184, 185, 186, 187, 189, 191, 192, 193, 194, 195, 196, 197, 198, 199, 200, 202, 203, 204, 205, 206, 207, 208, 209, 211, 212, 213, 214, 215, 216, 217, 218, 221, 222, 223, 224, 225, 226, 227, 228, 229], "excluded_lines": [], "functions": {"BrowserEnv.__init__": {"executed_lines": [], "summary": {"covered_lines": 0, "num_statements": 9, "percent_covered": 0.0, "percent_covered_display": "0", "missing_lines": 9, "excluded_lines": 0, "percent_statements_covered": 0.0, "percent_statements_covered_display": "0"}, "missing_lines": [25, 26, 27, 30, 31, 34, 35, 37, 38], "excluded_lines": []}, "BrowserEnv.get_html_text_converter": {"executed_lines": [], "summary": {"covered_lines": 0, "num_statements": 6, "percent_covered": 0.0, "percent_covered_display": "0", "missing_lines": 6, "excluded_lines": 0, "percent_statements_covered": 0.0, "percent_statements_covered_display": "0"}, "missing_lines": [41, 43, 44, 46, 48, 49], "excluded_lines": []}, "BrowserEnv.init_browser": {"executed_lines": [], "summary": {"covered_lines": 0, "num_statements": 10, "percent_covered": 0.0, "percent_covered_display": "0", "missing_lines": 10, "excluded_lines": 0, "percent_statements_covered": 0.0, "percent_statements_covered_display": "0"}, "missing_lines": [57, 58, 59, 60, 61, 62, 63, 65, 66, 67], "excluded_lines": []}, "BrowserEnv.browser_process": {"executed_lines": [], "summary": {"covered_lines": 0, "num_statements": 70, "percent_covered": 0.0, "percent_covered_display": "0", "missing_lines": 70, "excluded_lines": 0, "percent_statements_covered": 0.0, "percent_statements_covered_display": "0"}, "missing_lines": [70, 71, 72, 73, 74, 75, 76, 77, 79, 80, 81, 82, 83, 85, 88, 90, 101, 103, 105, 106, 107, 108, 109, 110, 111, 112, 113, 114, 115, 116, 117, 118, 119, 120, 121, 123, 124, 125, 126, 129, 130, 131, 132, 133, 134, 135, 138, 139, 148, 149, 150, 156, 158, 159, 162, 163, 166, 167, 169, 175, 178, 179, 180, 181, 182, 183, 184, 185, 186, 187], "excluded_lines": []}, "BrowserEnv.step": {"executed_lines": [], "summary": {"covered_lines": 0, "num_statements": 10, "percent_covered": 0.0, "percent_covered_display": "0", "missing_lines": 10, "excluded_lines": 0, "percent_statements_covered": 0.0, "percent_statements_covered_display": "0"}, "missing_lines": [191, 192, 193, 194, 195, 196, 197, 198, 199, 200], "excluded_lines": []}, "BrowserEnv.check_alive": {"executed_lines": [], "summary": {"covered_lines": 0, "num_statements": 7, "percent_covered": 0.0, "percent_covered_display": "0", "missing_lines": 7, "excluded_lines": 0, "percent_statements_covered": 0.0, "percent_statements_covered_display": "0"}, "missing_lines": [203, 204, 205, 206, 207, 208, 209], "excluded_lines": []}, "BrowserEnv.close": {"executed_lines": [], "summary": {"covered_lines": 0, "num_statements": 16, "percent_covered": 0.0, "percent_covered_display": "0", "missing_lines": 16, "excluded_lines": 0, "percent_statements_covered": 0.0, "percent_statements_covered_display": "0"}, "missing_lines": [212, 213, 214, 215, 216, 217, 218, 221, 222, 223, 224, 225, 226, 227, 228, 229], "excluded_lines": []}, "": {"executed_lines": [], "summary": {"covered_lines": 0, "num_statements": 26, "percent_covered": 0.0, "percent_covered_display": "0", "missing_lines": 26, "excluded_lines": 0, "percent_statements_covered": 0.0, "percent_statements_covered_display": "0"}, "missing_lines": [1, 2, 3, 4, 5, 7, 8, 9, 10, 11, 13, 14, 15, 16, 17, 19, 20, 23, 24, 40, 51, 56, 69, 189, 202, 211], "excluded_lines": []}}, "classes": {"BrowserEnv": {"executed_lines": [], "summary": {"covered_lines": 0, "num_statements": 128, "percent_covered": 0.0, "percent_covered_display": "0", "missing_lines": 128, "excluded_lines": 0, "percent_statements_covered": 0.0, "percent_statements_covered_display": "0"}, "missing_lines": [25, 26, 27, 30, 31, 34, 35, 37, 38, 41, 43, 44, 46, 48, 49, 57, 58, 59, 60, 61, 62, 63, 65, 66, 67, 70, 71, 72, 73, 74, 75, 76, 77, 79, 80, 81, 82, 83, 85, 88, 90, 101, 103, 105, 106, 107, 108, 109, 110, 111, 112, 113, 114, 115, 116, 117, 118, 119, 120, 121, 123, 124, 125, 126, 129, 130, 131, 132, 133, 134, 135, 138, 139, 148, 149, 150, 156, 158, 159, 162, 163, 166, 167, 169, 175, 178, 179, 180, 181, 182, 183, 184, 185, 186, 187, 191, 192, 193, 194, 195, 196, 197, 198, 199, 200, 203, 204, 205, 206, 207, 208, 209, 212, 213, 214, 215, 216, 217, 218, 221, 222, 223, 224, 225, 226, 227, 228, 229], "excluded_lines": []}, "": {"executed_lines": [], "summary": {"covered_lines": 0, "num_statements": 26, "percent_covered": 0.0, "percent_covered_display": "0", "missing_lines": 26, "excluded_lines": 0, "percent_statements_covered": 0.0, "percent_statements_covered_display": "0"}, "missing_lines": [1, 2, 3, 4, 5, 7, 8, 9, 10, 11, 13, 14, 15, 16, 17, 19, 20, 23, 24, 40, 51, 56, 69, 189, 202, 211], "excluded_lines": []}}}, "openhands/runtime/browser/utils.py": {"executed_lines": [], "summary": {"covered_lines": 0, "num_statements": 91, "percent_covered": 0.0, "percent_covered_display": "0", "missing_lines": 91, "excluded_lines": 0, "percent_statements_covered": 0.0, "percent_statements_covered_display": "0"}, "missing_lines": [1, 2, 3, 4, 5, 7, 8, 10, 11, 12, 13, 14, 15, 16, 19, 24, 31, 34, 36, 37, 38, 41, 42, 44, 46, 47, 54, 55, 59, 64, 65, 72, 78, 79, 80, 82, 83, 85, 86, 92, 93, 94, 95, 97, 100, 105, 106, 108, 110, 111, 112, 113, 115, 118, 120, 122, 124, 127, 128, 130, 131, 134, 135, 136, 144, 145, 146, 148, 150, 153, 154, 158, 159, 161, 162, 165, 192, 195, 196, 197, 198, 200, 201, 202, 203, 206, 217, 218, 219, 221, 223], "excluded_lines": [], "functions": {"get_axtree_str": {"executed_lines": [], "summary": {"covered_lines": 0, "num_statements": 2, "percent_covered": 0.0, "percent_covered_display": "0", "missing_lines": 2, "excluded_lines": 0, "percent_statements_covered": 0.0, "percent_statements_covered_display": "0"}, "missing_lines": [24, 31], "excluded_lines": []}, "get_agent_obs_text": {"executed_lines": [], "summary": {"covered_lines": 0, "num_statements": 26, "percent_covered": 0.0, "percent_covered_display": "0", "missing_lines": 26, "excluded_lines": 0, "percent_statements_covered": 0.0, "percent_statements_covered_display": "0"}, "missing_lines": [36, 37, 38, 41, 42, 44, 46, 47, 54, 55, 59, 64, 65, 72, 78, 79, 80, 82, 83, 85, 86, 92, 93, 94, 95, 97], "excluded_lines": []}, "browse": {"executed_lines": [], "summary": {"covered_lines": 0, "num_statements": 46, "percent_covered": 0.0, "percent_covered_display": "0", "missing_lines": 46, "excluded_lines": 0, "percent_statements_covered": 0.0, "percent_statements_covered_display": "0"}, "missing_lines": [105, 106, 108, 110, 111, 112, 113, 115, 118, 120, 122, 124, 127, 128, 130, 131, 134, 135, 136, 144, 145, 146, 148, 150, 153, 154, 158, 159, 161, 162, 165, 192, 195, 196, 197, 198, 200, 201, 202, 203, 206, 217, 218, 219, 221, 223], "excluded_lines": []}, "": {"executed_lines": [], "summary": {"covered_lines": 0, "num_statements": 17, "percent_covered": 0.0, "percent_covered_display": "0", "missing_lines": 17, "excluded_lines": 0, "percent_statements_covered": 0.0, "percent_statements_covered_display": "0"}, "missing_lines": [1, 2, 3, 4, 5, 7, 8, 10, 11, 12, 13, 14, 15, 16, 19, 34, 100], "excluded_lines": []}}, "classes": {"": {"executed_lines": [], "summary": {"covered_lines": 0, "num_statements": 91, "percent_covered": 0.0, "percent_covered_display": "0", "missing_lines": 91, "excluded_lines": 0, "percent_statements_covered": 0.0, "percent_statements_covered_display": "0"}, "missing_lines": [1, 2, 3, 4, 5, 7, 8, 10, 11, 12, 13, 14, 15, 16, 19, 24, 31, 34, 36, 37, 38, 41, 42, 44, 46, 47, 54, 55, 59, 64, 65, 72, 78, 79, 80, 82, 83, 85, 86, 92, 93, 94, 95, 97, 100, 105, 106, 108, 110, 111, 112, 113, 115, 118, 120, 122, 124, 127, 128, 130, 131, 134, 135, 136, 144, 145, 146, 148, 150, 153, 154, 158, 159, 161, 162, 165, 192, 195, 196, 197, 198, 200, 201, 202, 203, 206, 217, 218, 219, 221, 223], "excluded_lines": []}}}, "openhands/runtime/builder/__init__.py": {"executed_lines": [1, 2, 4], "summary": {"covered_lines": 3, "num_statements": 3, "percent_covered": 100.0, "percent_covered_display": "100", "missing_lines": 0, "excluded_lines": 0, "percent_statements_covered": 100.0, "percent_statements_covered_display": "100"}, "missing_lines": [], "excluded_lines": [], "functions": {"": {"executed_lines": [1, 2, 4], "summary": {"covered_lines": 3, "num_statements": 3, "percent_covered": 100.0, "percent_covered_display": "100", "missing_lines": 0, "excluded_lines": 0, "percent_statements_covered": 100.0, "percent_statements_covered_display": "100"}, "missing_lines": [], "excluded_lines": []}}, "classes": {"": {"executed_lines": [1, 2, 4], "summary": {"covered_lines": 3, "num_statements": 3, "percent_covered": 100.0, "percent_covered_display": "100", "missing_lines": 0, "excluded_lines": 0, "percent_statements_covered": 100.0, "percent_statements_covered_display": "100"}, "missing_lines": [], "excluded_lines": []}}}, "openhands/runtime/builder/base.py": {"executed_lines": [1, 4, 5, 6, 31, 32], "summary": {"covered_lines": 6, "num_statements": 8, "percent_covered": 75.0, "percent_covered_display": "75", "missing_lines": 2, "excluded_lines": 0, "percent_statements_covered": 75.0, "percent_statements_covered_display": "75"}, "missing_lines": [29, 42], "excluded_lines": [], "functions": {"RuntimeBuilder.build": {"executed_lines": [], "summary": {"covered_lines": 0, "num_statements": 1, "percent_covered": 0.0, "percent_covered_display": "0", "missing_lines": 1, "excluded_lines": 0, "percent_statements_covered": 0.0, "percent_statements_covered_display": "0"}, "missing_lines": [29], "excluded_lines": []}, "RuntimeBuilder.image_exists": {"executed_lines": [], "summary": {"covered_lines": 0, "num_statements": 1, "percent_covered": 0.0, "percent_covered_display": "0", "missing_lines": 1, "excluded_lines": 0, "percent_statements_covered": 0.0, "percent_statements_covered_display": "0"}, "missing_lines": [42], "excluded_lines": []}, "": {"executed_lines": [1, 4, 5, 6, 31, 32], "summary": {"covered_lines": 6, "num_statements": 6, "percent_covered": 100.0, "percent_covered_display": "100", "missing_lines": 0, "excluded_lines": 0, "percent_statements_covered": 100.0, "percent_statements_covered_display": "100"}, "missing_lines": [], "excluded_lines": []}}, "classes": {"RuntimeBuilder": {"executed_lines": [], "summary": {"covered_lines": 0, "num_statements": 2, "percent_covered": 0.0, "percent_covered_display": "0", "missing_lines": 2, "excluded_lines": 0, "percent_statements_covered": 0.0, "percent_statements_covered_display": "0"}, "missing_lines": [29, 42], "excluded_lines": []}, "": {"executed_lines": [1, 4, 5, 6, 31, 32], "summary": {"covered_lines": 6, "num_statements": 6, "percent_covered": 100.0, "percent_covered_display": "100", "missing_lines": 0, "excluded_lines": 0, "percent_statements_covered": 100.0, "percent_statements_covered_display": "100"}, "missing_lines": [], "excluded_lines": []}}}, "openhands/runtime/builder/docker.py": {"executed_lines": [1, 2, 3, 4, 6, 8, 9, 10, 11, 12, 13, 16, 17, 39, 40, 52, 253, 311, 317, 373, 397], "summary": {"covered_lines": 21, "num_statements": 212, "percent_covered": 9.90566037735849, "percent_covered_display": "10", "missing_lines": 191, "excluded_lines": 0, "percent_statements_covered": 9.90566037735849, "percent_statements_covered_display": "10"}, "missing_lines": [18, 20, 21, 22, 23, 26, 30, 34, 35, 37, 42, 43, 48, 49, 50, 80, 81, 82, 83, 84, 87, 88, 92, 93, 95, 100, 103, 116, 117, 118, 121, 122, 123, 124, 125, 127, 128, 129, 131, 143, 144, 146, 147, 148, 155, 156, 158, 160, 164, 165, 172, 173, 181, 182, 183, 184, 185, 186, 187, 189, 191, 193, 194, 201, 202, 203, 204, 205, 206, 207, 209, 210, 211, 213, 214, 215, 217, 218, 221, 223, 224, 225, 227, 229, 230, 231, 232, 237, 238, 239, 243, 248, 251, 262, 263, 264, 266, 267, 268, 269, 270, 271, 272, 273, 276, 277, 278, 282, 283, 285, 286, 288, 289, 291, 294, 295, 296, 297, 298, 299, 300, 301, 302, 303, 304, 305, 307, 308, 309, 312, 313, 315, 320, 321, 322, 323, 325, 326, 328, 329, 331, 332, 333, 334, 335, 336, 340, 344, 345, 346, 347, 348, 349, 350, 351, 354, 355, 359, 362, 365, 369, 370, 371, 380, 381, 382, 384, 385, 386, 387, 388, 389, 390, 391, 392, 393, 394, 395, 406, 407, 408, 409, 410, 411, 412, 414, 415, 418, 420, 422, 423], "excluded_lines": [], "functions": {"DockerRuntimeBuilder.__init__": {"executed_lines": [], "summary": {"covered_lines": 0, "num_statements": 10, "percent_covered": 0.0, "percent_covered_display": "0", "missing_lines": 10, "excluded_lines": 0, "percent_statements_covered": 0.0, "percent_statements_covered_display": "0"}, "missing_lines": [18, 20, 21, 22, 23, 26, 30, 34, 35, 37], "excluded_lines": []}, "DockerRuntimeBuilder.check_buildx": {"executed_lines": [], "summary": {"covered_lines": 0, "num_statements": 5, "percent_covered": 0.0, "percent_covered_display": "0", "missing_lines": 5, "excluded_lines": 0, "percent_statements_covered": 0.0, "percent_statements_covered_display": "0"}, "missing_lines": [42, 43, 48, 49, 50], "excluded_lines": []}, "DockerRuntimeBuilder.build": {"executed_lines": [], "summary": {"covered_lines": 0, "num_statements": 78, "percent_covered": 0.0, "percent_covered_display": "0", "missing_lines": 78, "excluded_lines": 0, "percent_statements_covered": 0.0, "percent_statements_covered_display": "0"}, "missing_lines": [80, 81, 82, 83, 84, 87, 88, 92, 93, 95, 100, 103, 116, 117, 118, 121, 122, 123, 124, 125, 127, 128, 129, 131, 143, 144, 146, 147, 148, 155, 156, 158, 160, 164, 165, 172, 173, 181, 182, 183, 184, 185, 186, 187, 189, 191, 193, 194, 201, 202, 203, 204, 205, 206, 207, 209, 210, 211, 213, 214, 215, 217, 218, 221, 223, 224, 225, 227, 229, 230, 231, 232, 237, 238, 239, 243, 248, 251], "excluded_lines": []}, "DockerRuntimeBuilder.image_exists": {"executed_lines": [], "summary": {"covered_lines": 0, "num_statements": 36, "percent_covered": 0.0, "percent_covered_display": "0", "missing_lines": 36, "excluded_lines": 0, "percent_statements_covered": 0.0, "percent_statements_covered_display": "0"}, "missing_lines": [262, 263, 264, 266, 267, 268, 269, 270, 271, 272, 273, 276, 277, 278, 282, 283, 285, 286, 288, 289, 291, 294, 295, 296, 297, 298, 299, 300, 301, 302, 303, 304, 305, 307, 308, 309], "excluded_lines": []}, "DockerRuntimeBuilder._output_logs": {"executed_lines": [], "summary": {"covered_lines": 0, "num_statements": 3, "percent_covered": 0.0, "percent_covered_display": "0", "missing_lines": 3, "excluded_lines": 0, "percent_statements_covered": 0.0, "percent_statements_covered_display": "0"}, "missing_lines": [312, 313, 315], "excluded_lines": []}, "DockerRuntimeBuilder._output_build_progress": {"executed_lines": [], "summary": {"covered_lines": 0, "num_statements": 31, "percent_covered": 0.0, "percent_covered_display": "0", "missing_lines": 31, "excluded_lines": 0, "percent_statements_covered": 0.0, "percent_statements_covered_display": "0"}, "missing_lines": [320, 321, 322, 323, 325, 326, 328, 329, 331, 332, 333, 334, 335, 336, 340, 344, 345, 346, 347, 348, 349, 350, 351, 354, 355, 359, 362, 365, 369, 370, 371], "excluded_lines": []}, "DockerRuntimeBuilder._prune_old_cache_files": {"executed_lines": [], "summary": {"covered_lines": 0, "num_statements": 15, "percent_covered": 0.0, "percent_covered_display": "0", "missing_lines": 15, "excluded_lines": 0, "percent_statements_covered": 0.0, "percent_statements_covered_display": "0"}, "missing_lines": [380, 381, 382, 384, 385, 386, 387, 388, 389, 390, 391, 392, 393, 394, 395], "excluded_lines": []}, "DockerRuntimeBuilder._is_cache_usable": {"executed_lines": [], "summary": {"covered_lines": 0, "num_statements": 13, "percent_covered": 0.0, "percent_covered_display": "0", "missing_lines": 13, "excluded_lines": 0, "percent_statements_covered": 0.0, "percent_statements_covered_display": "0"}, "missing_lines": [406, 407, 408, 409, 410, 411, 412, 414, 415, 418, 420, 422, 423], "excluded_lines": []}, "": {"executed_lines": [1, 2, 3, 4, 6, 8, 9, 10, 11, 12, 13, 16, 17, 39, 40, 52, 253, 311, 317, 373, 397], "summary": {"covered_lines": 21, "num_statements": 21, "percent_covered": 100.0, "percent_covered_display": "100", "missing_lines": 0, "excluded_lines": 0, "percent_statements_covered": 100.0, "percent_statements_covered_display": "100"}, "missing_lines": [], "excluded_lines": []}}, "classes": {"DockerRuntimeBuilder": {"executed_lines": [], "summary": {"covered_lines": 0, "num_statements": 191, "percent_covered": 0.0, "percent_covered_display": "0", "missing_lines": 191, "excluded_lines": 0, "percent_statements_covered": 0.0, "percent_statements_covered_display": "0"}, "missing_lines": [18, 20, 21, 22, 23, 26, 30, 34, 35, 37, 42, 43, 48, 49, 50, 80, 81, 82, 83, 84, 87, 88, 92, 93, 95, 100, 103, 116, 117, 118, 121, 122, 123, 124, 125, 127, 128, 129, 131, 143, 144, 146, 147, 148, 155, 156, 158, 160, 164, 165, 172, 173, 181, 182, 183, 184, 185, 186, 187, 189, 191, 193, 194, 201, 202, 203, 204, 205, 206, 207, 209, 210, 211, 213, 214, 215, 217, 218, 221, 223, 224, 225, 227, 229, 230, 231, 232, 237, 238, 239, 243, 248, 251, 262, 263, 264, 266, 267, 268, 269, 270, 271, 272, 273, 276, 277, 278, 282, 283, 285, 286, 288, 289, 291, 294, 295, 296, 297, 298, 299, 300, 301, 302, 303, 304, 305, 307, 308, 309, 312, 313, 315, 320, 321, 322, 323, 325, 326, 328, 329, 331, 332, 333, 334, 335, 336, 340, 344, 345, 346, 347, 348, 349, 350, 351, 354, 355, 359, 362, 365, 369, 370, 371, 380, 381, 382, 384, 385, 386, 387, 388, 389, 390, 391, 392, 393, 394, 395, 406, 407, 408, 409, 410, 411, 412, 414, 415, 418, 420, 422, 423], "excluded_lines": []}, "": {"executed_lines": [1, 2, 3, 4, 6, 8, 9, 10, 11, 12, 13, 16, 17, 39, 40, 52, 253, 311, 317, 373, 397], "summary": {"covered_lines": 21, "num_statements": 21, "percent_covered": 100.0, "percent_covered_display": "100", "missing_lines": 0, "excluded_lines": 0, "percent_statements_covered": 100.0, "percent_statements_covered_display": "100"}, "missing_lines": [], "excluded_lines": []}}}, "openhands/runtime/builder/remote.py": {"executed_lines": [1, 2, 3, 4, 6, 8, 9, 10, 11, 12, 13, 19, 20, 22, 28, 122], "summary": {"covered_lines": 15, "num_statements": 70, "percent_covered": 21.428571428571427, "percent_covered_display": "21", "missing_lines": 55, "excluded_lines": 0, "percent_statements_covered": 21.428571428571427, "percent_statements_covered_display": "21"}, "missing_lines": [23, 24, 25, 26, 37, 38, 39, 40, 43, 46, 52, 53, 56, 57, 64, 65, 66, 67, 68, 70, 72, 73, 74, 77, 78, 79, 80, 81, 82, 84, 91, 92, 93, 97, 98, 99, 101, 102, 103, 104, 111, 114, 115, 118, 120, 124, 125, 132, 133, 134, 138, 140, 141, 147, 149], "excluded_lines": [], "functions": {"RemoteRuntimeBuilder.__init__": {"executed_lines": [], "summary": {"covered_lines": 0, "num_statements": 4, "percent_covered": 0.0, "percent_covered_display": "0", "missing_lines": 4, "excluded_lines": 0, "percent_statements_covered": 0.0, "percent_statements_covered_display": "0"}, "missing_lines": [23, 24, 25, 26], "excluded_lines": []}, "RemoteRuntimeBuilder.build": {"executed_lines": [], "summary": {"covered_lines": 0, "num_statements": 41, "percent_covered": 0.0, "percent_covered_display": "0", "missing_lines": 41, "excluded_lines": 0, "percent_statements_covered": 0.0, "percent_statements_covered_display": "0"}, "missing_lines": [37, 38, 39, 40, 43, 46, 52, 53, 56, 57, 64, 65, 66, 67, 68, 70, 72, 73, 74, 77, 78, 79, 80, 81, 82, 84, 91, 92, 93, 97, 98, 99, 101, 102, 103, 104, 111, 114, 115, 118, 120], "excluded_lines": []}, "RemoteRuntimeBuilder.image_exists": {"executed_lines": [], "summary": {"covered_lines": 0, "num_statements": 10, "percent_covered": 0.0, "percent_covered_display": "0", "missing_lines": 10, "excluded_lines": 0, "percent_statements_covered": 0.0, "percent_statements_covered_display": "0"}, "missing_lines": [124, 125, 132, 133, 134, 138, 140, 141, 147, 149], "excluded_lines": []}, "": {"executed_lines": [1, 2, 3, 4, 6, 8, 9, 10, 11, 12, 13, 19, 20, 22, 28, 122], "summary": {"covered_lines": 15, "num_statements": 15, "percent_covered": 100.0, "percent_covered_display": "100", "missing_lines": 0, "excluded_lines": 0, "percent_statements_covered": 100.0, "percent_statements_covered_display": "100"}, "missing_lines": [], "excluded_lines": []}}, "classes": {"RemoteRuntimeBuilder": {"executed_lines": [], "summary": {"covered_lines": 0, "num_statements": 55, "percent_covered": 0.0, "percent_covered_display": "0", "missing_lines": 55, "excluded_lines": 0, "percent_statements_covered": 0.0, "percent_statements_covered_display": "0"}, "missing_lines": [23, 24, 25, 26, 37, 38, 39, 40, 43, 46, 52, 53, 56, 57, 64, 65, 66, 67, 68, 70, 72, 73, 74, 77, 78, 79, 80, 81, 82, 84, 91, 92, 93, 97, 98, 99, 101, 102, 103, 104, 111, 114, 115, 118, 120, 124, 125, 132, 133, 134, 138, 140, 141, 147, 149], "excluded_lines": []}, "": {"executed_lines": [1, 2, 3, 4, 6, 8, 9, 10, 11, 12, 13, 19, 20, 22, 28, 122], "summary": {"covered_lines": 15, "num_statements": 15, "percent_covered": 100.0, "percent_covered_display": "100", "missing_lines": 0, "excluded_lines": 0, "percent_statements_covered": 100.0, "percent_statements_covered_display": "100"}, "missing_lines": [], "excluded_lines": []}}}, "openhands/runtime/file_viewer_server.py": {"executed_lines": [], "summary": {"covered_lines": 0, "num_statements": 49, "percent_covered": 0.0, "percent_covered_display": "0", "missing_lines": 49, "excluded_lines": 0, "percent_statements_covered": 0.0, "percent_statements_covered_display": "0"}, "missing_lines": [5, 6, 8, 9, 10, 12, 13, 16, 18, 22, 23, 25, 27, 28, 39, 40, 41, 46, 47, 52, 53, 57, 58, 63, 64, 65, 67, 68, 73, 76, 86, 87, 88, 89, 90, 92, 93, 95, 96, 97, 100, 101, 103, 106, 107, 109, 110, 111, 112], "excluded_lines": [], "functions": {"create_app": {"executed_lines": [], "summary": {"covered_lines": 0, "num_statements": 6, "percent_covered": 0.0, "percent_covered_display": "0", "missing_lines": 6, "excluded_lines": 0, "percent_statements_covered": 0.0, "percent_statements_covered_display": "0"}, "missing_lines": [18, 22, 23, 27, 28, 73], "excluded_lines": []}, "create_app.root": {"executed_lines": [], "summary": {"covered_lines": 0, "num_statements": 1, "percent_covered": 0.0, "percent_covered_display": "0", "missing_lines": 1, "excluded_lines": 0, "percent_statements_covered": 0.0, "percent_statements_covered_display": "0"}, "missing_lines": [25], "excluded_lines": []}, "create_app.view_file": {"executed_lines": [], "summary": {"covered_lines": 0, "num_statements": 14, "percent_covered": 0.0, "percent_covered_display": "0", "missing_lines": 14, "excluded_lines": 0, "percent_statements_covered": 0.0, "percent_statements_covered_display": "0"}, "missing_lines": [39, 40, 41, 46, 47, 52, 53, 57, 58, 63, 64, 65, 67, 68], "excluded_lines": []}, "start_file_viewer_server": {"executed_lines": [], "summary": {"covered_lines": 0, "num_statements": 13, "percent_covered": 0.0, "percent_covered_display": "0", "missing_lines": 13, "excluded_lines": 0, "percent_statements_covered": 0.0, "percent_statements_covered_display": "0"}, "missing_lines": [86, 87, 88, 89, 90, 92, 93, 95, 96, 97, 100, 101, 103], "excluded_lines": []}, "": {"executed_lines": [], "summary": {"covered_lines": 0, "num_statements": 15, "percent_covered": 0.0, "percent_covered_display": "0", "missing_lines": 15, "excluded_lines": 0, "percent_statements_covered": 0.0, "percent_statements_covered_display": "0"}, "missing_lines": [5, 6, 8, 9, 10, 12, 13, 16, 76, 106, 107, 109, 110, 111, 112], "excluded_lines": []}}, "classes": {"": {"executed_lines": [], "summary": {"covered_lines": 0, "num_statements": 49, "percent_covered": 0.0, "percent_covered_display": "0", "missing_lines": 49, "excluded_lines": 0, "percent_statements_covered": 0.0, "percent_statements_covered_display": "0"}, "missing_lines": [5, 6, 8, 9, 10, 12, 13, 16, 18, 22, 23, 25, 27, 28, 39, 40, 41, 46, 47, 52, 53, 57, 58, 63, 64, 65, 67, 68, 73, 76, 86, 87, 88, 89, 90, 92, 93, 95, 96, 97, 100, 101, 103, 106, 107, 109, 110, 111, 112], "excluded_lines": []}}}, "openhands/runtime/impl/__init__.py": {"executed_lines": [1, 3, 6, 7, 8, 9, 11], "summary": {"covered_lines": 6, "num_statements": 6, "percent_covered": 100.0, "percent_covered_display": "100", "missing_lines": 0, "excluded_lines": 0, "percent_statements_covered": 100.0, "percent_statements_covered_display": "100"}, "missing_lines": [], "excluded_lines": [], "functions": {"": {"executed_lines": [1, 3, 6, 7, 8, 9, 11], "summary": {"covered_lines": 6, "num_statements": 6, "percent_covered": 100.0, "percent_covered_display": "100", "missing_lines": 0, "excluded_lines": 0, "percent_statements_covered": 100.0, "percent_statements_covered_display": "100"}, "missing_lines": [], "excluded_lines": []}}, "classes": {"": {"executed_lines": [1, 3, 6, 7, 8, 9, 11], "summary": {"covered_lines": 6, "num_statements": 6, "percent_covered": 100.0, "percent_covered_display": "100", "missing_lines": 0, "excluded_lines": 0, "percent_statements_covered": 100.0, "percent_statements_covered_display": "100"}, "missing_lines": [], "excluded_lines": []}}}, "openhands/runtime/impl/action_execution/action_execution_client.py": {"executed_lines": [1, 2, 3, 4, 5, 6, 8, 9, 10, 12, 13, 18, 21, 22, 33, 34, 35, 36, 43, 44, 45, 46, 47, 48, 49, 50, 51, 52, 55, 61, 62, 68, 101, 102, 105, 110, 131, 143, 166, 186, 258, 276, 344, 347, 350, 353, 356, 359, 362, 365, 456, 487], "summary": {"covered_lines": 51, "num_statements": 222, "percent_covered": 22.972972972972972, "percent_covered_display": "23", "missing_lines": 171, "excluded_lines": 0, "percent_statements_covered": 22.972972972972972, "percent_statements_covered_display": "23"}, "missing_lines": [56, 82, 83, 84, 85, 86, 87, 103, 129, 132, 133, 134, 139, 140, 141, 148, 149, 150, 151, 153, 159, 160, 161, 162, 163, 164, 168, 169, 170, 176, 179, 180, 181, 182, 183, 184, 189, 190, 192, 194, 195, 196, 197, 199, 201, 204, 206, 207, 208, 209, 210, 211, 214, 216, 220, 221, 222, 224, 225, 226, 228, 229, 231, 233, 240, 245, 246, 249, 250, 251, 252, 253, 259, 260, 261, 262, 267, 268, 269, 270, 271, 272, 274, 277, 281, 284, 285, 286, 288, 290, 291, 292, 293, 294, 295, 300, 301, 302, 303, 304, 305, 309, 313, 317, 319, 320, 323, 330, 331, 332, 333, 334, 335, 336, 337, 341, 342, 345, 348, 351, 354, 357, 360, 363, 368, 371, 373, 374, 377, 380, 383, 384, 387, 393, 399, 402, 403, 404, 405, 407, 410, 412, 416, 422, 423, 424, 426, 427, 433, 434, 438, 443, 445, 447, 454, 457, 459, 462, 463, 464, 467, 468, 471, 472, 478, 484, 485, 490, 491, 492, 493], "excluded_lines": [], "functions": {"_is_retryable_error": {"executed_lines": [], "summary": {"covered_lines": 0, "num_statements": 1, "percent_covered": 0.0, "percent_covered_display": "0", "missing_lines": 1, "excluded_lines": 0, "percent_statements_covered": 0.0, "percent_statements_covered_display": "0"}, "missing_lines": [56], "excluded_lines": []}, "ActionExecutionClient.__init__": {"executed_lines": [], "summary": {"covered_line
[...]
red": 0.0, "percent_statements_covered_display": "0"}, "missing_lines": [18, 19, 20], "excluded_lines": []}, "LocalFileStore.write": {"executed_lines": [], "summary": {"covered_lines": 0, "num_statements": 5, "percent_covered": 0.0, "percent_covered_display": "0", "missing_lines": 5, "excluded_lines": 0, "percent_statements_covered": 0.0, "percent_statements_covered_display": "0"}, "missing_lines": [23, 24, 25, 26, 27], "excluded_lines": []}, "LocalFileStore.read": {"executed_lines": [], "summary": {"covered_lines": 0, "num_statements": 3, "percent_covered": 0.0, "percent_covered_display": "0", "missing_lines": 3, "excluded_lines": 0, "percent_statements_covered": 0.0, "percent_statements_covered_display": "0"}, "missing_lines": [30, 31, 32], "excluded_lines": []}, "LocalFileStore.list": {"executed_lines": [], "summary": {"covered_lines": 0, "num_statements": 4, "percent_covered": 0.0, "percent_covered_display": "0", "missing_lines": 4, "excluded_lines": 0, "percent_statements_covered": 0.0, "percent_statements_covered_display": "0"}, "missing_lines": [35, 36, 37, 38], "excluded_lines": []}, "LocalFileStore.delete": {"executed_lines": [], "summary": {"covered_lines": 0, "num_statements": 13, "percent_covered": 0.0, "percent_covered_display": "0", "missing_lines": 13, "excluded_lines": 0, "percent_statements_covered": 0.0, "percent_statements_covered_display": "0"}, "missing_lines": [41, 42, 43, 44, 45, 46, 47, 48, 49, 50, 51, 52, 53], "excluded_lines": []}, "": {"executed_lines": [1, 2, 4, 5, 8, 9, 11, 17, 22, 29, 34, 40], "summary": {"covered_lines": 12, "num_statements": 12, "percent_covered": 100.0, "percent_covered_display": "100", "missing_lines": 0, "excluded_lines": 0, "percent_statements_covered": 100.0, "percent_statements_covered_display": "100"}, "missing_lines": [], "excluded_lines": []}}, "classes": {"LocalFileStore": {"executed_lines": [], "summary": {"covered_lines": 0, "num_statements": 32, "percent_covered": 0.0, "percent_covered_display": "0", "missing_lines": 32, "excluded_lines": 0, "percent_statements_covered": 0.0, "percent_statements_covered_display": "0"}, "missing_lines": [12, 13, 14, 15, 18, 19, 20, 23, 24, 25, 26, 27, 30, 31, 32, 35, 36, 37, 38, 41, 42, 43, 44, 45, 46, 47, 48, 49, 50, 51, 52, 53], "excluded_lines": []}, "": {"executed_lines": [1, 2, 4, 5, 8, 9, 11, 17, 22, 29, 34, 40], "summary": {"covered_lines": 12, "num_statements": 12, "percent_covered": 100.0, "percent_covered_display": "100", "missing_lines": 0, "excluded_lines": 0, "percent_statements_covered": 100.0, "percent_statements_covered_display": "100"}, "missing_lines": [], "excluded_lines": []}}}, "openhands/storage/locations.py": {"executed_lines": [1, 4, 11, 15, 21, 25, 29, 33, 37, 41], "summary": {"covered_lines": 10, "num_statements": 21, "percent_covered": 47.61904761904762, "percent_covered_display": "48", "missing_lines": 11, "excluded_lines": 0, "percent_statements_covered": 47.61904761904762, "percent_statements_covered_display": "48"}, "missing_lines": [5, 6, 8, 12, 18, 22, 26, 30, 34, 38, 42], "excluded_lines": [], "functions": {"get_conversation_dir": {"executed_lines": [], "summary": {"covered_lines": 0, "num_statements": 3, "percent_covered": 0.0, "percent_covered_display": "0", "missing_lines": 3, "excluded_lines": 0, "percent_statements_covered": 0.0, "percent_statements_covered_display": "0"}, "missing_lines": [5, 6, 8], "excluded_lines": []}, "get_conversation_events_dir": {"executed_lines": [], "summary": {"covered_lines": 0, "num_statements": 1, "percent_covered": 0.0, "percent_covered_display": "0", "missing_lines": 1, "excluded_lines": 0, "percent_statements_covered": 0.0, "percent_statements_covered_display": "0"}, "missing_lines": [12], "excluded_lines": []}, "get_conversation_event_filename": {"executed_lines": [], "summary": {"covered_lines": 0, "num_statements": 1, "percent_covered": 0.0, "percent_covered_display": "0", "missing_lines": 1, "excluded_lines": 0, "percent_statements_covered": 0.0, "percent_statements_covered_display": "0"}, "missing_lines": [18], "excluded_lines": []}, "get_conversation_metadata_filename": {"executed_lines": [], "summary": {"covered_lines": 0, "num_statements": 1, "percent_covered": 0.0, "percent_covered_display": "0", "missing_lines": 1, "excluded_lines": 0, "percent_statements_covered": 0.0, "percent_statements_covered_display": "0"}, "missing_lines": [22], "excluded_lines": []}, "get_conversation_init_data_filename": {"executed_lines": [], "summary": {"covered_lines": 0, "num_statements": 1, "percent_covered": 0.0, "percent_covered_display": "0", "missing_lines": 1, "excluded_lines": 0, "percent_statements_covered": 0.0, "percent_statements_covered_display": "0"}, "missing_lines": [26], "excluded_lines": []}, "get_conversation_agent_state_filename": {"executed_lines": [], "summary": {"covered_lines": 0, "num_statements": 1, "percent_covered": 0.0, "percent_covered_display": "0", "missing_lines": 1, "excluded_lines": 0, "percent_statements_covered": 0.0, "percent_statements_covered_display": "0"}, "missing_lines": [30], "excluded_lines": []}, "get_conversation_llm_registry_filename": {"executed_lines": [], "summary": {"covered_lines": 0, "num_statements": 1, "percent_covered": 0.0, "percent_covered_display": "0", "missing_lines": 1, "excluded_lines": 0, "percent_statements_covered": 0.0, "percent_statements_covered_display": "0"}, "missing_lines": [34], "excluded_lines": []}, "get_conversation_stats_filename": {"executed_lines": [], "summary": {"covered_lines": 0, "num_statements": 1, "percent_covered": 0.0, "percent_covered_display": "0", "missing_lines": 1, "excluded_lines": 0, "percent_statements_covered": 0.0, "percent_statements_covered_display": "0"}, "missing_lines": [38], "excluded_lines": []}, "get_experiment_config_filename": {"executed_lines": [], "summary": {"covered_lines": 0, "num_statements": 1, "percent_covered": 0.0, "percent_covered_display": "0", "missing_lines": 1, "excluded_lines": 0, "percent_statements_covered": 0.0, "percent_statements_covered_display": "0"}, "missing_lines": [42], "excluded_lines": []}, "": {"executed_lines": [1, 4, 11, 15, 21, 25, 29, 33, 37, 41], "summary": {"covered_lines": 10, "num_statements": 10, "percent_covered": 100.0, "percent_covered_display": "100", "missing_lines": 0, "excluded_lines": 0, "percent_statements_covered": 100.0, "percent_statements_covered_display": "100"}, "missing_lines": [], "excluded_lines": []}}, "classes": {"": {"executed_lines": [1, 4, 11, 15, 21, 25, 29, 33, 37, 41], "summary": {"covered_lines": 10, "num_statements": 21, "percent_covered": 47.61904761904762, "percent_covered_display": "48", "missing_lines": 11, "excluded_lines": 0, "percent_statements_covered": 47.61904761904762, "percent_statements_covered_display": "48"}, "missing_lines": [5, 6, 8, 12, 18, 22, 26, 30, 34, 38, 42], "excluded_lines": []}}}, "openhands/storage/memory.py": {"executed_lines": [1, 3, 4, 7, 8, 10, 15, 20, 25, 44], "summary": {"covered_lines": 10, "num_statements": 42, "percent_covered": 23.80952380952381, "percent_covered_display": "24", "missing_lines": 32, "excluded_lines": 0, "percent_statements_covered": 23.80952380952381, "percent_statements_covered_display": "24"}, "missing_lines": [11, 12, 13, 16, 17, 18, 21, 22, 23, 26, 27, 28, 29, 30, 31, 32, 33, 34, 35, 37, 38, 39, 40, 41, 42, 45, 46, 47, 48, 49, 50, 51], "excluded_lines": [], "functions": {"InMemoryFileStore.__init__": {"executed_lines": [], "summary": {"covered_lines": 0, "num_statements": 3, "percent_covered": 0.0, "percent_covered_display": "0", "missing_lines": 3, "excluded_lines": 0, "percent_statements_covered": 0.0, "percent_statements_covered_display": "0"}, "missing_lines": [11, 12, 13], "excluded_lines": []}, "InMemoryFileStore.write": {"executed_lines": [], "summary": {"covered_lines": 0, "num_statements": 3, "percent_covered": 0.0, "percent_covered_display": "0", "missing_lines": 3, "excluded_lines": 0, "percent_statements_covered": 0.0, "percent_statements_covered_display": "0"}, "missing_lines": [16, 17, 18], "excluded_lines": []}, "InMemoryFileStore.read": {"executed_lines": [], "summary": {"covered_lines": 0, "num_statements": 3, "percent_covered": 0.0, "percent_covered_display": "0", "missing_lines": 3, "excluded_lines": 0, "percent_statements_covered": 0.0, "percent_statements_covered_display": "0"}, "missing_lines": [21, 22, 23], "excluded_lines": []}, "InMemoryFileStore.list": {"executed_lines": [], "summary": {"covered_lines": 0, "num_statements": 16, "percent_covered": 0.0, "percent_covered_display": "0", "missing_lines": 16, "excluded_lines": 0, "percent_statements_covered": 0.0, "percent_statements_covered_display": "0"}, "missing_lines": [26, 27, 28, 29, 30, 31, 32, 33, 34, 35, 37, 38, 39, 40, 41, 42], "excluded_lines": []}, "InMemoryFileStore.delete": {"executed_lines": [], "summary": {"covered_lines": 0, "num_statements": 7, "percent_covered": 0.0, "percent_covered_display": "0", "missing_lines": 7, "excluded_lines": 0, "percent_statements_covered": 0.0, "percent_statements_covered_display": "0"}, "missing_lines": [45, 46, 47, 48, 49, 50, 51], "excluded_lines": []}, "": {"executed_lines": [1, 3, 4, 7, 8, 10, 15, 20, 25, 44], "summary": {"covered_lines": 10, "num_statements": 10, "percent_covered": 100.0, "percent_covered_display": "100", "missing_lines": 0, "excluded_lines": 0, "percent_statements_covered": 100.0, "percent_statements_covered_display": "100"}, "missing_lines": [], "excluded_lines": []}}, "classes": {"InMemoryFileStore": {"executed_lines": [], "summary": {"covered_lines": 0, "num_statements": 32, "percent_covered": 0.0, "percent_covered_display": "0", "missing_lines": 32, "excluded_lines": 0, "percent_statements_covered": 0.0, "percent_statements_covered_display": "0"}, "missing_lines": [11, 12, 13, 16, 17, 18, 21, 22, 23, 26, 27, 28, 29, 30, 31, 32, 33, 34, 35, 37, 38, 39, 40, 41, 42, 45, 46, 47, 48, 49, 50, 51], "excluded_lines": []}, "": {"executed_lines": [1, 3, 4, 7, 8, 10, 15, 20, 25, 44], "summary": {"covered_lines": 10, "num_statements": 10, "percent_covered": 100.0, "percent_covered_display": "100", "missing_lines": 0, "excluded_lines": 0, "percent_statements_covered": 100.0, "percent_statements_covered_display": "100"}, "missing_lines": [], "excluded_lines": []}}}, "openhands/storage/s3.py": {"executed_lines": [1, 2, 4, 5, 7, 10, 11, 14, 15, 18, 19, 22, 23, 39, 58, 84, 116, 156], "summary": {"covered_lines": 18, "num_statements": 95, "percent_covered": 18.94736842105263, "percent_covered_display": "19", "missing_lines": 77, "excluded_lines": 0, "percent_statements_covered": 18.94736842105263, "percent_statements_covered_display": "19"}, "missing_lines": [24, 25, 26, 27, 28, 29, 30, 31, 40, 41, 44, 45, 46, 47, 50, 51, 54, 59, 60, 63, 64, 65, 67, 68, 71, 72, 76, 79, 80, 85, 86, 87, 88, 96, 97, 98, 101, 102, 103, 104, 105, 106, 107, 108, 109, 110, 111, 112, 113, 114, 117, 119, 120, 121, 122, 125, 128, 129, 132, 134, 135, 136, 139, 140, 143, 144, 148, 151, 152, 157, 158, 159, 160, 161, 163, 164, 165], "excluded_lines": [], "functions": {"S3FileStore.__init__": {"executed_lines": [], "summary": {"covered_lines": 0, "num_statements": 8, "percent_covered": 0.0, "percent_covered_display": "0", "missing_lines": 8, "excluded_lines": 0, "percent_statements_covered": 0.0, "percent_statements_covered_display": "0"}, "missing_lines": [24, 25, 26, 27, 28, 29, 30, 31], "excluded_lines": []}, "S3FileStore.write": {"executed_lines": [], "summary": {"covered_lines": 0, "num_statements": 9, "percent_covered": 0.0, "percent_covered_display": "0", "missing_lines": 9, "excluded_lines": 0, "percent_statements_covered": 0.0, "percent_statements_covered_display": "0"}, "missing_lines": [40, 41, 44, 45, 46, 47, 50, 51, 54], "excluded_lines": []}, "S3FileStore.read": {"executed_lines": [], "summary": {"covered_lines": 0, "num_statements": 12, "percent_covered": 0.0, "percent_covered_display": "0", "missing_lines": 12, "excluded_lines": 0, "percent_statements_covered": 0.0, "percent_statements_covered_display": "0"}, "missing_lines": [59, 60, 63, 64, 65, 67, 68, 71, 72, 76, 79, 80], "excluded_lines": []}, "S3FileStore.list": {"executed_lines": [], "summary": {"covered_lines": 0, "num_statements": 21, "percent_covered": 0.0, "percent_covered_display": "0", "missing_lines": 21, "excluded_lines": 0, "percent_statements_covered": 0.0, "percent_statements_covered_display": "0"}, "missing_lines": [85, 86, 87, 88, 96, 97, 98, 101, 102, 103, 104, 105, 106, 107, 108, 109, 110, 111, 112, 113, 114], "excluded_lines": []}, "S3FileStore.delete": {"executed_lines": [], "summary": {"covered_lines": 0, "num_statements": 19, "percent_covered": 0.0, "percent_covered_display": "0", "missing_lines": 19, "excluded_lines": 0, "percent_statements_covered": 0.0, "percent_statements_covered_display": "0"}, "missing_lines": [117, 119, 120, 121, 122, 125, 128, 129, 132, 134, 135, 136, 139, 140, 143, 144, 148, 151, 152], "excluded_lines": []}, "S3FileStore._ensure_url_scheme": {"executed_lines": [], "summary": {"covered_lines": 0, "num_statements": 8, "percent_covered": 0.0, "percent_covered_display": "0", "missing_lines": 8, "excluded_lines": 0, "percent_statements_covered": 0.0, "percent_statements_covered_display": "0"}, "missing_lines": [157, 158, 159, 160, 161, 163, 164, 165], "excluded_lines": []}, "": {"executed_lines": [1, 2, 4, 5, 7, 10, 11, 14, 15, 18, 19, 22, 23, 39, 58, 84, 116, 156], "summary": {"covered_lines": 18, "num_statements": 18, "percent_covered": 100.0, "percent_covered_display": "100", "missing_lines": 0, "excluded_lines": 0, "percent_statements_covered": 100.0, "percent_statements_covered_display": "100"}, "missing_lines": [], "excluded_lines": []}}, "classes": {"S3ObjectDict": {"executed_lines": [], "summary": {"covered_lines": 0, "num_statements": 0, "percent_covered": 100.0, "percent_covered_display": "100", "missing_lines": 0, "excluded_lines": 0, "percent_statements_covered": 100.0, "percent_statements_covered_display": "100"}, "missing_lines": [], "excluded_lines": []}, "GetObjectOutputDict": {"executed_lines": [], "summary": {"covered_lines": 0, "num_statements": 0, "percent_covered": 100.0, "percent_covered_display": "100", "missing_lines": 0, "excluded_lines": 0, "percent_statements_covered": 100.0, "percent_statements_covered_display": "100"}, "missing_lines": [], "excluded_lines": []}, "ListObjectsV2OutputDict": {"executed_lines": [], "summary": {"covered_lines": 0, "num_statements": 0, "percent_covered": 100.0, "percent_covered_display": "100", "missing_lines": 0, "excluded_lines": 0, "percent_statements_covered": 100.0, "percent_statements_covered_display": "100"}, "missing_lines": [], "excluded_lines": []}, "S3FileStore": {"executed_lines": [], "summary": {"covered_lines": 0, "num_statements": 77, "percent_covered": 0.0, "percent_covered_display": "0", "missing_lines": 77, "excluded_lines": 0, "percent_statements_covered": 0.0, "percent_statements_covered_display": "0"}, "missing_lines": [24, 25, 26, 27, 28, 29, 30, 31, 40, 41, 44, 45, 46, 47, 50, 51, 54, 59, 60, 63, 64, 65, 67, 68, 71, 72, 76, 79, 80, 85, 86, 87, 88, 96, 97, 98, 101, 102, 103, 104, 105, 106, 107, 108, 109, 110, 111, 112, 113, 114, 117, 119, 120, 121, 122, 125, 128, 129, 132, 134, 135, 136, 139, 140, 143, 144, 148, 151, 152, 157, 158, 159, 160, 161, 163, 164, 165], "excluded_lines": []}, "": {"executed_lines": [1, 2, 4, 5, 7, 10, 11, 14, 15, 18, 19, 22, 23, 39, 58, 84, 116, 156], "summary": {"covered_lines": 18, "num_statements": 18, "percent_covered": 100.0, "percent_covered_display": "100", "missing_lines": 0, "excluded_lines": 0, "percent_statements_covered": 100.0, "percent_statements_covered_display": "100"}, "missing_lines": [], "excluded_lines": []}}}, "openhands/storage/web_hook.py": {"executed_lines": [1, 2, 4, 5, 6, 9, 10, 21, 22, 23, 25, 41, 51, 62, 73, 82, 86, 102, 106], "summary": {"covered_lines": 18, "num_statements": 35, "percent_covered": 51.42857142857143, "percent_covered_display": "51", "missing_lines": 17, "excluded_lines": 0, "percent_statements_covered": 51.42857142857143, "percent_statements_covered_display": "51"}, "missing_lines": [35, 36, 37, 38, 39, 48, 49, 60, 71, 79, 80, 98, 99, 100, 117, 118, 119], "excluded_lines": [], "functions": {"WebHookFileStore.__init__": {"executed_lines": [], "summary": {"covered_lines": 0, "num_statements": 5, "percent_covered": 0.0, "percent_covered_display": "0", "missing_lines": 5, "excluded_lines": 0, "percent_statements_covered": 0.0, "percent_statements_covered_display": "0"}, "missing_lines": [35, 36, 37, 38, 39], "excluded_lines": []}, "WebHookFileStore.write": {"executed_lines": [], "summary": {"covered_lines": 0, "num_statements": 2, "percent_covered": 0.0, "percent_covered_display": "0", "missing_lines": 2, "excluded_lines": 0, "percent_statements_covered": 0.0, "percent_statements_covered_display": "0"}, "missing_lines": [48, 49], "excluded_lines": []}, "WebHookFileStore.read": {"executed_lines": [], "summary": {"covered_lines": 0, "num_statements": 1, "percent_covered": 0.0, "percent_covered_display": "0", "missing_lines": 1, "excluded_lines": 0, "percent_statements_covered": 0.0, "percent_statements_covered_display": "0"}, "missing_lines": [60], "excluded_lines": []}, "WebHookFileStore.list": {"executed_lines": [], "summary": {"covered_lines": 0, "num_statements": 1, "percent_covered": 0.0, "percent_covered_display": "0", "missing_lines": 1, "excluded_lines": 0, "percent_statements_covered": 0.0, "percent_statements_covered_display": "0"}, "missing_lines": [71], "excluded_lines": []}, "WebHookFileStore.delete": {"executed_lines": [], "summary": {"covered_lines": 0, "num_statements": 2, "percent_covered": 0.0, "percent_covered_display": "0", "missing_lines": 2, "excluded_lines": 0, "percent_statements_covered": 0.0, "percent_statements_covered_display": "0"}, "missing_lines": [79, 80], "excluded_lines": []}, "WebHookFileStore._on_write": {"executed_lines": [], "summary": {"covered_lines": 0, "num_statements": 3, "percent_covered": 0.0, "percent_covered_display": "0", "missing_lines": 3, "excluded_lines": 0, "percent_statements_covered": 0.0, "percent_statements_covered_display": "0"}, "missing_lines": [98, 99, 100], "excluded_lines": []}, "WebHookFileStore._on_delete": {"executed_lines": [], "summary": {"covered_lines": 0, "num_statements": 3, "percent_covered": 0.0, "percent_covered_display": "0", "missing_lines": 3, "excluded_lines": 0, "percent_statements_covered": 0.0, "percent_statements_covered_display": "0"}, "missing_lines": [117, 118, 119], "excluded_lines": []}, "": {"executed_lines": [1, 2, 4, 5, 6, 9, 10, 21, 22, 23, 25, 41, 51, 62, 73, 82, 86, 102, 106], "summary": {"covered_lines": 18, "num_statements": 18, "percent_covered": 100.0, "percent_covered_display": "100", "missing_lines": 0, "excluded_lines": 0, "percent_statements_covered": 100.0, "percent_statements_covered_display": "100"}, "missing_lines": [], "excluded_lines": []}}, "classes": {"WebHookFileStore": {"executed_lines": [], "summary": {"covered_lines": 0, "num_statements": 17, "percent_covered": 0.0, "percent_covered_display": "0", "missing_lines": 17, "excluded_lines": 0, "percent_statements_covered": 0.0, "percent_statements_covered_display": "0"}, "missing_lines": [35, 36, 37, 38, 39, 48, 49, 60, 71, 79, 80, 98, 99, 100, 117, 118, 119], "excluded_lines": []}, "": {"executed_lines": [1, 2, 4, 5, 6, 9, 10, 21, 22, 23, 25, 41, 51, 62, 73, 82, 86, 102, 106], "summary": {"covered_lines": 18, "num_statements": 18, "percent_covered": 100.0, "percent_covered_display": "100", "missing_lines": 0, "excluded_lines": 0, "percent_statements_covered": 100.0, "percent_statements_covered_display": "100"}, "missing_lines": [], "excluded_lines": []}}}}, "totals": {"covered_lines": 1158, "num_statements": 7131, "percent_covered": 16.238956668068994, "percent_covered_display": "16", "missing_lines": 5973, "excluded_lines": 2, "percent_statements_covered": 16.238956668068994, "percent_statements_covered_display": "16"}}