{
  "timestamp": "2025-11-28T11:17:36.158463",
  "web_hooks": {
    "basic_webhook": {
      "success": true,
      "duration": 14.617700815200806,
      "stdout": "============================= test session starts ==============================\nplatform linux -- Python 3.12.11, pytest-8.4.2, pluggy-1.6.0 -- /openhands/poetry/openhands-ai-5O4_aCHf-py3.12/bin/python\ncachedir: .pytest_cache\nmetadata: {'Python': '3.12.11', 'Platform': 'Linux-6.11.11-linuxkit-aarch64-with-glibc2.41', 'Packages': {'pytest': '8.4.2', 'pluggy': '1.6.0'}, 'Plugins': {'anyio': '4.9.0', 'json-report': '1.5.0', 'forked': '1.6.0', 'cov': '7.0.0', 'asyncio': '1.3.0', 'timeout': '2.4.0', 'metadata': '3.1.1', 'playwright': '0.7.1', 'base-url': '2.1.0', 'libtmux': '0.47.0', 'xdist': '3.8.0'}, 'Base URL': ''}\nrootdir: /workspace/openhands\nconfigfile: pytest.ini\nplugins: anyio-4.9.0, json-report-1.5.0, forked-1.6.0, cov-7.0.0, asyncio-1.3.0, timeout-2.4.0, metadata-3.1.1, playwright-0.7.1, base-url-2.1.0, libtmux-0.47.0, xdist-3.8.0\nasyncio: mode=Mode.AUTO, debug=False, asyncio_default_fixture_loop_scope=function, asyncio_default_test_loop_scope=function\ncollecting ... collected 13 items\n\ntests/unit/storage/test_web_hook.py::TestWebHookFileStore::test_init_with_default_client PASSED [  7%]\ntests/unit/storage/test_web_hook.py::TestWebHookFileStore::test_init_with_custom_client PASSED [ 15%]\ntests/unit/storage/test_web_hook.py::TestWebHookFileStore::test_write_triggers_webhook PASSED [ 23%]\ntests/unit/storage/test_web_hook.py::TestWebHookFileStore::test_write_with_bytes_content PASSED [ 30%]\ntests/unit/storage/test_web_hook.py::TestWebHookFileStore::test_delete_triggers_webhook PASSED [ 38%]\ntests/unit/storage/test_web_hook.py::TestWebHookFileStore::test_read_delegates_to_underlying_store PASSED [ 46%]\ntests/unit/storage/test_web_hook.py::TestWebHookFileStore::test_list_delegates_to_underlying_store PASSED [ 53%]\ntests/unit/storage/test_web_hook.py::TestWebHookFileStore::test_webhook_retry_on_failure PASSED [ 61%]\ntests/unit/storage/test_web_hook.py::TestWebHookFileStore::test_webhook_failure_after_retries PASSED [ 69%]\ntests/unit/storage/test_web_hook.py::TestWebHookFileStore::test_multiple_operations_trigger_multiple_webhooks PASSED [ 76%]\ntests/unit/storage/test_web_hook.py::TestWebHookFileStore::test_webhook_url_construction PASSED [ 84%]\ntests/unit/storage/test_web_hook.py::TestWebHookFileStore::test_empty_path_handling PASSED [ 92%]\ntests/unit/storage/test_web_hook.py::TestWebHookFileStore::test_special_characters_in_path PASSED [100%]\n\n--------------------------------- JSON report ----------------------------------\nreport saved to: test_results.json\n================================ tests coverage ================================\n_______________ coverage: platform linux, python 3.12.11-final-0 _______________\n\nName                                    Stmts   Miss  Cover   Missing\n---------------------------------------------------------------------\nopenhands/storage/__init__.py              30     19    37%   23-61\nopenhands/storage/batched_web_hook.py     106     74    30%   66-84, 93-94, 105, 116, 124-125, 137-177, 183-184, 191-201, 210-214, 234-261, 267-268\nopenhands/storage/files.py                 14      4    71%   7, 11, 15, 19\nopenhands/storage/google_cloud.py          55     42    24%   19-22, 25-28, 31-36, 39-62, 66-80\nopenhands/storage/local.py                 44     32    27%   12-15, 18-20, 23-27, 30-32, 35-38, 41-53\nopenhands/storage/locations.py             21     21     0%   1-42\nopenhands/storage/memory.py                42     32    24%   11-13, 16-18, 21-23, 26-42, 45-51\nopenhands/storage/s3.py                    95     77    19%   24-31, 40-54, 59-80, 85-114, 117-152, 157-165\nopenhands/storage/web_hook.py              35      6    83%   98-100, 117-119\n---------------------------------------------------------------------\nTOTAL                                     442    307    31%\nCoverage HTML written to dir htmlcov\nCoverage JSON written to file coverage.json\n============================= 13 passed in 13.98s ==============================\n",
      "stderr": "/openhands/poetry/openhands-ai-5O4_aCHf-py3.12/lib/python3.12/site-packages/coverage/inorout.py:521: CoverageWarning: Module openhands.runtime was never imported. (module-not-imported); see https://coverage.readthedocs.io/en/7.12.0/messages.html#warning-module-not-imported\n  self.warn(f\"Module {pkg} was never imported.\", slug=\"module-not-imported\")\n",
      "test_count": 13,
      "passed": 13,
      "failed": 0,
      "skipped": 0,
      "coverage": {
        "percent_covered": 30.542986425339368,
        "covered_lines": 135,
        "missing_lines": 307,
        "num_statements": 442
      }
    },
    "batched_webhook": {
      "success": true,
      "duration": 11.301988124847412,
      "stdout": "============================= test session starts ==============================\nplatform linux -- Python 3.12.11, pytest-8.4.2, pluggy-1.6.0 -- /openhands/poetry/openhands-ai-5O4_aCHf-py3.12/bin/python\ncachedir: .pytest_cache\nmetadata: {'Python': '3.12.11', 'Platform': 'Linux-6.11.11-linuxkit-aarch64-with-glibc2.41', 'Packages': {'pytest': '8.4.2', 'pluggy': '1.6.0'}, 'Plugins': {'anyio': '4.9.0', 'json-report': '1.5.0', 'forked': '1.6.0', 'cov': '7.0.0', 'asyncio': '1.3.0', 'timeout': '2.4.0', 'metadata': '3.1.1', 'playwright': '0.7.1', 'base-url': '2.1.0', 'libtmux': '0.47.0', 'xdist': '3.8.0'}, 'Base URL': ''}\nrootdir: /workspace/openhands\nconfigfile: pytest.ini\nplugins: anyio-4.9.0, json-report-1.5.0, forked-1.6.0, cov-7.0.0, asyncio-1.3.0, timeout-2.4.0, metadata-3.1.1, playwright-0.7.1, base-url-2.1.0, libtmux-0.47.0, xdist-3.8.0\nasyncio: mode=Mode.AUTO, debug=False, asyncio_default_fixture_loop_scope=function, asyncio_default_test_loop_scope=function\ncollecting ... collected 17 items\n\ntests/unit/storage/test_batched_web_hook.py::TestBatchedWebHookFileStore::test_write_operation_batched PASSED [  5%]\ntests/unit/storage/test_batched_web_hook.py::TestBatchedWebHookFileStore::test_delete_operation_batched PASSED [ 11%]\ntests/unit/storage/test_batched_web_hook.py::TestBatchedWebHookFileStore::test_batch_size_limit_triggers_send PASSED [ 17%]\ntests/unit/storage/test_batched_web_hook.py::TestBatchedWebHookFileStore::test_multiple_updates_same_file PASSED [ 23%]\ntests/unit/storage/test_batched_web_hook.py::TestBatchedWebHookFileStore::test_flush_sends_immediately PASSED [ 29%]\ntests/unit/storage/test_batched_web_hook.py::TestBatchedWebHookFileStore::test_multiple_operations_in_single_batch PASSED [ 35%]\ntests/unit/storage/test_batched_web_hook.py::TestBatchedWebHookFileStore::test_binary_content_handling PASSED [ 41%]\ntests/unit/storage/test_batched_web_hook.py::TestBatchedWebHookFileStore::test_batched_webhook_timeout_edge_cases PASSED [ 47%]\ntests/unit/storage/test_batched_web_hook.py::TestBatchedWebHookFileStore::test_batched_webhook_large_content_handling PASSED [ 52%]\ntests/unit/storage/test_batched_web_hook.py::TestBatchedWebHookFileStore::test_batched_webhook_concurrent_operations PASSED [ 58%]\ntests/unit/storage/test_batched_web_hook.py::TestBatchedWebHookFileStore::test_batched_webhook_error_handling PASSED [ 64%]\ntests/unit/storage/test_batched_web_hook.py::TestBatchedWebHookFileStore::test_batched_webhook_mixed_content_types PASSED [ 70%]\ntests/unit/storage/test_batched_web_hook.py::TestBatchedWebHookFileStore::test_batched_webhook_empty_batch_handling PASSED [ 76%]\ntests/unit/storage/test_batched_web_hook.py::TestBatchedWebHookFileStore::test_batched_webhook_url_construction PASSED [ 82%]\ntests/unit/storage/test_batched_web_hook.py::TestBatchedWebHookFileStore::test_batched_webhook_special_characters_in_paths PASSED [ 88%]\ntests/unit/storage/test_batched_web_hook.py::TestBatchedWebHookFileStore::test_batched_webhook_unicode_content PASSED [ 94%]\ntests/unit/storage/test_batched_web_hook.py::TestBatchedWebHookFileStore::test_batched_webhook_performance_large_batch PASSED [100%]\n\n--------------------------------- JSON report ----------------------------------\nreport saved to: test_results.json\n================================ tests coverage ================================\n_______________ coverage: platform linux, python 3.12.11-final-0 _______________\n\nName                                    Stmts   Miss  Cover   Missing\n---------------------------------------------------------------------\nopenhands/storage/__init__.py              30     19    37%   23-61\nopenhands/storage/batched_web_hook.py     106     14    87%   69, 105, 116, 154, 183-184, 213-214, 245-253\nopenhands/storage/files.py                 14      4    71%   7, 11, 15, 19\nopenhands/storage/google_cloud.py          55     42    24%   19-22, 25-28, 31-36, 39-62, 66-80\nopenhands/storage/local.py                 44     32    27%   12-15, 18-20, 23-27, 30-32, 35-38, 41-53\nopenhands/storage/locations.py             21     21     0%   1-42\nopenhands/storage/memory.py                42     32    24%   11-13, 16-18, 21-23, 26-42, 45-51\nopenhands/storage/s3.py                    95     77    19%   24-31, 40-54, 59-80, 85-114, 117-152, 157-165\nopenhands/storage/web_hook.py              35     17    51%   35-39, 48-49, 60, 71, 79-80, 98-100, 117-119\n---------------------------------------------------------------------\nTOTAL                                     442    258    42%\nCoverage HTML written to dir htmlcov\nCoverage JSON written to file coverage.json\n============================== 17 passed in 9.86s ==============================\n",
      "stderr": "/openhands/poetry/openhands-ai-5O4_aCHf-py3.12/lib/python3.12/site-packages/coverage/inorout.py:521: CoverageWarning: Module openhands.runtime was never imported. (module-not-imported); see https://coverage.readthedocs.io/en/7.12.0/messages.html#warning-module-not-imported\n  self.warn(f\"Module {pkg} was never imported.\", slug=\"module-not-imported\")\n--- Logging error ---\nTraceback (most recent call last):\n  File \"/openhands/poetry/openhands-ai-5O4_aCHf-py3.12/lib/python3.12/site-packages/tenacity/__init__.py\", line 480, in __call__\n    result = fn(*args, **kwargs)\n             ^^^^^^^^^^^^^^^^^^^\n  File \"/workspace/openhands/openhands/storage/batched_web_hook.py\", line 260, in _send_batch_request\n    response = self.client.post(self.base_url, json=batch_payload)\n               ^^^^^^^^^^^^^^^^^^^^^^^^^^^^^^^^^^^^^^^^^^^^^^^^^^^\n  File \"/openhands/micromamba/envs/openhands/lib/python3.12/unittest/mock.py\", line 1139, in __call__\n    return self._mock_call(*args, **kwargs)\n           ^^^^^^^^^^^^^^^^^^^^^^^^^^^^^^^^\n  File \"/openhands/micromamba/envs/openhands/lib/python3.12/unittest/mock.py\", line 1143, in _mock_call\n    return self._execute_mock_call(*args, **kwargs)\n           ^^^^^^^^^^^^^^^^^^^^^^^^^^^^^^^^^^^^^^^^\n  File \"/openhands/micromamba/envs/openhands/lib/python3.12/unittest/mock.py\", line 1198, in _execute_mock_call\n    raise effect\n  File \"/openhands/poetry/openhands-ai-5O4_aCHf-py3.12/lib/python3.12/site-packages/tenacity/__init__.py\", line 480, in __call__\n    result = fn(*args, **kwargs)\n             ^^^^^^^^^^^^^^^^^^^\n  File \"/workspace/openhands/openhands/storage/batched_web_hook.py\", line 260, in _send_batch_request\n    response = self.client.post(self.base_url, json=batch_payload)\n               ^^^^^^^^^^^^^^^^^^^^^^^^^^^^^^^^^^^^^^^^^^^^^^^^^^^\n  File \"/openhands/micromamba/envs/openhands/lib/python3.12/unittest/mock.py\", line 1139, in __call__\n    return self._mock_call(*args, **kwargs)\n           ^^^^^^^^^^^^^^^^^^^^^^^^^^^^^^^^\n  File \"/openhands/micromamba/envs/openhands/lib/python3.12/unittest/mock.py\", line 1143, in _mock_call\n    return self._execute_mock_call(*args, **kwargs)\n           ^^^^^^^^^^^^^^^^^^^^^^^^^^^^^^^^^^^^^^^^\n  File \"/openhands/micromamba/envs/openhands/lib/python3.12/unittest/mock.py\", line 1198, in _execute_mock_call\n    raise effect\n  File \"/openhands/poetry/openhands-ai-5O4_aCHf-py3.12/lib/python3.12/site-packages/tenacity/__init__.py\", line 480, in __call__\n    result = fn(*args, **kwargs)\n             ^^^^^^^^^^^^^^^^^^^\n  File \"/workspace/openhands/openhands/storage/batched_web_hook.py\", line 260, in _send_batch_request\n    response = self.client.post(self.base_url, json=batch_payload)\n               ^^^^^^^^^^^^^^^^^^^^^^^^^^^^^^^^^^^^^^^^^^^^^^^^^^^\n  File \"/openhands/micromamba/envs/openhands/lib/python3.12/unittest/mock.py\", line 1139, in __call__\n    return self._mock_call(*args, **kwargs)\n           ^^^^^^^^^^^^^^^^^^^^^^^^^^^^^^^^\n  File \"/openhands/micromamba/envs/openhands/lib/python3.12/unittest/mock.py\", line 1143, in _mock_call\n    return self._execute_mock_call(*args, **kwargs)\n           ^^^^^^^^^^^^^^^^^^^^^^^^^^^^^^^^^^^^^^^^\n  File \"/openhands/micromamba/envs/openhands/lib/python3.12/unittest/mock.py\", line 1198, in _execute_mock_call\n    raise effect\nException: Network error\n\nThe above exception was the direct cause of the following exception:\n\nTraceback (most recent call last):\n  File \"/workspace/openhands/openhands/storage/batched_web_hook.py\", line 212, in _send_batch\n    self._send_batch_request(batch_to_send)\n  File \"/openhands/poetry/openhands-ai-5O4_aCHf-py3.12/lib/python3.12/site-packages/tenacity/__init__.py\", line 338, in wrapped_f\n    return copy(f, *args, **kw)\n           ^^^^^^^^^^^^^^^^^^^^\n  File \"/openhands/poetry/openhands-ai-5O4_aCHf-py3.12/lib/python3.12/site-packages/tenacity/__init__.py\", line 477, in __call__\n    do = self.iter(retry_state=retry_state)\n         ^^^^^^^^^^^^^^^^^^^^^^^^^^^^^^^^^^\n  File \"/openhands/poetry/openhands-ai-5O4_aCHf-py3.12/lib/python3.12/site-packages/tenacity/__init__.py\", line 378, in iter\n    result = action(retry_state)\n             ^^^^^^^^^^^^^^^^^^^\n  File \"/openhands/poetry/openhands-ai-5O4_aCHf-py3.12/lib/python3.12/site-packages/tenacity/__init__.py\", line 421, in exc_check\n    raise retry_exc from fut.exception()\ntenacity.RetryError: RetryError[<Future at 0xffffb9fe0d40 state=finished raised Exception>]\n\nDuring handling of the above exception, another exception occurred:\n\nTraceback (most recent call last):\n  File \"/openhands/micromamba/envs/openhands/lib/python3.12/logging/__init__.py\", line 1163, in emit\n    stream.write(msg + self.terminator)\nValueError: I/O operation on closed file.\nCall stack:\n  File \"/openhands/micromamba/envs/openhands/lib/python3.12/threading.py\", line 1032, in _bootstrap\n    self._bootstrap_inner()\n  File \"/openhands/micromamba/envs/openhands/lib/python3.12/threading.py\", line 1075, in _bootstrap_inner\n    self.run()\n  File \"/openhands/micromamba/envs/openhands/lib/python3.12/threading.py\", line 1012, in run\n    self._target(*self._args, **self._kwargs)\n  File \"/openhands/micromamba/envs/openhands/lib/python3.12/concurrent/futures/thread.py\", line 93, in _worker\n    work_item.run()\n  File \"/openhands/micromamba/envs/openhands/lib/python3.12/concurrent/futures/thread.py\", line 59, in run\n    result = self.fn(*self.args, **self.kwargs)\n  File \"/workspace/openhands/openhands/storage/batched_web_hook.py\", line 214, in _send_batch\n    logger.exception('Error sending webhook batch')\nMessage: 'Error sending webhook batch'\nArguments: ()\n",
      "test_count": 17,
      "passed": 17,
      "failed": 0,
      "skipped": 0,
      "coverage": {
        "percent_covered": 41.6289592760181,
        "covered_lines": 184,
        "missing_lines": 258,
        "num_statements": 442
      }
    },
    "overall_success": true
  },
  "git_hooks": {
    "git_hooks": {
      "success": true,
      "duration": 17.18214201927185,
      "stdout": "============================= test session starts ==============================\nplatform linux -- Python 3.12.11, pytest-8.4.2, pluggy-1.6.0 -- /openhands/poetry/openhands-ai-5O4_aCHf-py3.12/bin/python\ncachedir: .pytest_cache\nmetadata: {'Python': '3.12.11', 'Platform': 'Linux-6.11.11-linuxkit-aarch64-with-glibc2.41', 'Packages': {'pytest': '8.4.2', 'pluggy': '1.6.0'}, 'Plugins': {'anyio': '4.9.0', 'json-report': '1.5.0', 'forked': '1.6.0', 'cov': '7.0.0', 'asyncio': '1.3.0', 'timeout': '2.4.0', 'metadata': '3.1.1', 'playwright': '0.7.1', 'base-url': '2.1.0', 'libtmux': '0.47.0', 'xdist': '3.8.0'}, 'Base URL': ''}\nrootdir: /workspace/openhands\nconfigfile: pytest.ini\nplugins: anyio-4.9.0, json-report-1.5.0, forked-1.6.0, cov-7.0.0, asyncio-1.3.0, timeout-2.4.0, metadata-3.1.1, playwright-0.7.1, base-url-2.1.0, libtmux-0.47.0, xdist-3.8.0\nasyncio: mode=Mode.AUTO, debug=False, asyncio_default_fixture_loop_scope=function, asyncio_default_test_loop_scope=function\ncollecting ... collected 14 items\n\ntests/unit/runtime/test_git_hooks.py::TestGitHooks::test_maybe_setup_git_hooks_success PASSED [  7%]\ntests/unit/runtime/test_git_hooks.py::TestGitHooks::test_maybe_setup_git_hooks_no_script PASSED [ 14%]\ntests/unit/runtime/test_git_hooks.py::TestGitHooks::test_maybe_setup_git_hooks_mkdir_failure PASSED [ 21%]\ntests/unit/runtime/test_git_hooks.py::TestGitHooks::test_maybe_setup_git_hooks_with_existing_hook PASSED [ 28%]\ntests/unit/runtime/test_git_hooks.py::TestGitHooks::test_git_hook_script_permissions PASSED [ 35%]\ntests/unit/runtime/test_git_hooks.py::TestGitHooks::test_git_hook_backup_existing PASSED [ 42%]\ntests/unit/runtime/test_git_hooks.py::TestGitHooks::test_git_hook_multiple_hooks PASSED [ 50%]\ntests/unit/runtime/test_git_hooks.py::TestGitHooks::test_git_hook_script_validation PASSED [ 57%]\ntests/unit/runtime/test_git_hooks.py::TestGitHooks::test_git_hook_concurrent_access PASSED [ 64%]\ntests/unit/runtime/test_git_hooks.py::TestGitHooks::test_git_hook_error_recovery PASSED [ 71%]\ntests/unit/runtime/test_git_hooks.py::TestGitHooks::test_git_hook_temp_directory_handling PASSED [ 78%]\ntests/unit/runtime/test_git_hooks.py::TestGitHooks::test_git_hook_script_content_integrity PASSED [ 85%]\ntests/unit/runtime/test_git_hooks.py::TestGitHooks::test_git_hook_environment_variables PASSED [ 92%]\ntests/unit/runtime/test_git_hooks.py::TestGitHooks::test_git_hook_filesystem_edge_cases PASSED [100%]\n\n--------------------------------- JSON report ----------------------------------\nreport saved to: test_results.json\n================================ tests coverage ================================\n_______________ coverage: platform linux, python 3.12.11-final-0 _______________\n\nName                                                                 Stmts   Miss  Cover   Missing\n--------------------------------------------------------------------------------------------------\nopenhands/runtime/__init__.py                                           55     26    53%   45-47, 56-70, 75-84, 95-101, 119\nopenhands/runtime/action_execution_server.py                           575    575     0%   7-1078\nopenhands/runtime/base.py                                              547    393    28%   81-88, 143-204, 210, 213-221, 227, 231, 234-235, 241-243, 248-318, 323-324, 328-365, 371-408, 416-498, 502-525, 530, 540, 574-578, 584-588, 609-610, 616-619, 635-677, 688-701, 712-724, 748-896, 913-963, 970-1052, 1059, 1062, 1066, 1075-1102, 1108, 1116, 1120, 1124, 1128, 1132, 1136, 1140, 1144, 1152, 1160, 1165, 1173, 1181, 1185, 1189, 1199-1213, 1217-1220, 1223-1225, 1228-1229, 1242-1250, 1254, 1269\nopenhands/runtime/browser/__init__.py                                    2      2     0%   1-3\nopenhands/runtime/browser/base64.py                                     19     19     0%   1-34\nopenhands/runtime/browser/browser_env.py                               154    154     0%   1-229\nopenhands/runtime/browser/utils.py                                      91     91     0%   1-223\nopenhands/runtime/builder/__init__.py                                    3      0   100%\nopenhands/runtime/builder/base.py                                        8      2    75%   29, 42\nopenhands/runtime/builder/docker.py                                    212    191    10%   18-37, 42-50, 80-251, 262-309, 312-315, 320-371, 380-395, 406-423\nopenhands/runtime/builder/remote.py                                     70     55    21%   23-26, 37-120, 124-149\nopenhands/runtime/file_viewer_server.py                                 49     49     0%   5-112\nopenhands/runtime/impl/__init__.py                                       6      0   100%\nopenhands/runtime/impl/action_execution/action_execution_client.py     222    171    23%   56, 82-87, 103, 129, 132-141, 148-164, 168-184, 189-253, 259-274, 277-342, 345, 348, 351, 354, 357, 360, 363, 368-454, 457-485, 490-493\nopenhands/runtime/impl/cli/__init__.py                                   2      0   100%\nopenhands/runtime/impl/cli/cli_runtime.py                              400    339    15%   59-87, 121-162, 170-192, 201-215, 227-289, 302-320, 336-425, 434-474, 487-491, 497-523, 527-566, 570-586, 590, 596, 626-648, 652-674, 697-750, 755, 759-829, 833-852, 856-884, 888-898, 904-915, 919, 938-962, 973-974\nopenhands/runtime/impl/docker/containers.py                             16     14    12%   5-19\nopenhands/runtime/impl/docker/docker_runtime.py                        352    284    19%   51-54, 58-62, 105-161, 168, 171-231, 234-240, 253-259, 268-322, 331-389, 392-542, 545-569, 581-592, 600-613, 617-634, 637-642, 660-689, 695-696, 700-705, 709-715, 721-729, 735-743, 747-757, 760\nopenhands/runtime/impl/kubernetes/kubernetes_runtime.py                300    230    23%   95-139, 156, 161, 166, 171, 176, 181, 185, 189-194, 198-217, 221-277, 281-299, 309-323, 329-336, 346-392, 397-412, 416-432, 436-452, 457-567, 571-613, 617-625, 629-683, 688-709, 714, 719-728, 733-736, 742-750\nopenhands/runtime/impl/local/__init__.py                                 2      0   100%\nopenhands/runtime/impl/local/local_runtime.py                          409    337    18%   72-79, 83-121, 150-208, 212, 216, 220-393, 397-413, 424-433, 437-480, 485-517, 522-569, 573-585, 588-602, 606-610, 614-618, 623-625, 633-748, 756-804, 812-815, 819-822\nopenhands/runtime/impl/remote/remote_runtime.py                        304    247    19%   66-106, 109, 121-123, 126-133, 136-171, 174-222, 225-266, 272-304, 315-356, 359-369, 376, 380-397, 401, 404-414, 417-483, 486-516, 521-529, 534-545, 552-603, 606, 609\nopenhands/runtime/plugins/__init__.py                                    6      0   100%\nopenhands/runtime/plugins/agent_skills/__init__.py                      15      2    87%   20, 24\nopenhands/runtime/plugins/agent_skills/agentskills.py                   22      2    91%   18-22\nopenhands/runtime/plugins/agent_skills/file_editor/__init__.py           2      0   100%\nopenhands/runtime/plugins/agent_skills/file_ops/__init__.py              4      0   100%\nopenhands/runtime/plugins/agent_skills/file_ops/file_ops.py            206    180    13%   37-38, 42-53, 57-62, 66-72, 77-81, 85, 102-111, 122-174, 178-180, 201-228, 238-252, 262-271, 281-290, 304-334, 345-366, 376-392\nopenhands/runtime/plugins/agent_skills/file_reader/__init__.py           4      0   100%\nopenhands/runtime/plugins/agent_skills/file_reader/file_readers.py     101     82    19%   44-53, 62-67, 76-80, 84-86, 90-104, 108, 129-139, 151-164, 180-211, 220-232, 245\nopenhands/runtime/plugins/agent_skills/repo_ops/__init__.py              4      3    25%   2-7\nopenhands/runtime/plugins/agent_skills/repo_ops/repo_ops.py              2      1    50%   7\nopenhands/runtime/plugins/agent_skills/utils/config.py                  13      5    62%   17, 21, 25, 29-30\nopenhands/runtime/plugins/agent_skills/utils/dependency.py               6      1    83%   11\nopenhands/runtime/plugins/jupyter/__init__.py                           84     58    31%   41-149, 153-173, 180-181\nopenhands/runtime/plugins/jupyter/execute_server.py                    160    133    17%   48-50, 55-67, 70-78, 81-91, 96-135, 145-257, 260-269, 274, 277-289, 293-299, 307-309\nopenhands/runtime/plugins/requirement.py                                15      2    87%   19, 24\nopenhands/runtime/plugins/vscode/__init__.py                            84     56    33%   42-129, 138-153, 157\nopenhands/runtime/runtime_status.py                                     20      0   100%\nopenhands/runtime/utils/__init__.py                                      2      0   100%\nopenhands/runtime/utils/bash.py                                        281    281     0%   1-681\nopenhands/runtime/utils/bash_constants.py                                1      1     0%   2\nopenhands/runtime/utils/command.py                                      28     19    32%   31-82\nopenhands/runtime/utils/edit.py                                        176    141    20%   78-87, 93-107, 115, 119, 123, 138-157, 165-181, 191-238, 241-401, 404-405, 410-438\nopenhands/runtime/utils/file_viewer.py                                  19     19     0%   3-58\nopenhands/runtime/utils/files.py                                        72     64    11%   29-51, 55-68, 79-98, 105-108, 120-150\nopenhands/runtime/utils/git_changes.py                                  90     80    11%   14-23, 27-62, 68-153, 157-185, 189-193\nopenhands/runtime/utils/git_diff.py                                     65     54    17%   16-22, 26-35, 39-74, 78-97, 104-105\nopenhands/runtime/utils/git_handler.py                                  70     50    29%   37-42, 50, 53-58, 68-80, 92-119, 131-149\nopenhands/runtime/utils/log_capture.py                                  17     17     0%   1-27\nopenhands/runtime/utils/log_streamer.py                                 38     30    21%   19-32, 36-48, 51-56, 60-65\nopenhands/runtime/utils/memory_monitor.py                               36     36     0%   3-66\nopenhands/runtime/utils/port_lock.py                                   145    124    14%   17-18, 25-34, 45-109, 113-131, 134-136, 139, 143, 168-215, 220-227, 239-268\nopenhands/runtime/utils/request.py                                      30     18    40%   15-16, 19-22, 26, 44-60\nopenhands/runtime/utils/runtime_build.py                               167    134    20%   28, 48-62, 74-105, 139-165, 179-257, 269-304, 312-317, 321-337, 341, 345-358, 372-389, 393-476\nopenhands/runtime/utils/runtime_init.py                                 53     53     0%   1-127\nopenhands/runtime/utils/singleton.py                                     0      0   100%\nopenhands/runtime/utils/system.py                                       31     25    19%   7-15, 31-38, 42-68\nopenhands/runtime/utils/system_stats.py                                 33     26    21%   12-15, 24, 37-64\nopenhands/runtime/utils/tenacity_stop.py                                 6      6     0%   1-11\nopenhands/runtime/utils/windows_bash.py                                778    778     0%   7-1492\nopenhands/runtime/utils/windows_exceptions.py                            5      5     0%   4-12\nopenhands/storage/__init__.py                                           30     19    37%   23-61\nopenhands/storage/batched_web_hook.py                                  106     74    30%   66-84, 93-94, 105, 116, 124-125, 137-177, 183-184, 191-201, 210-214, 234-261, 267-268\nopenhands/storage/files.py                                              14      4    71%   7, 11, 15, 19\nopenhands/storage/google_cloud.py                                       55     42    24%   19-22, 25-28, 31-36, 39-62, 66-80\nopenhands/storage/local.py                                              44     32    27%   12-15, 18-20, 23-27, 30-32, 35-38, 41-53\nopenhands/storage/locations.py                                          21     11    48%   5-8, 12, 18, 22, 26, 30, 34, 38, 42\nopenhands/storage/memory.py                                             42     32    24%   11-13, 16-18, 21-23, 26-42, 45-51\nopenhands/storage/s3.py                                                 95     77    19%   24-31, 40-54, 59-80, 85-114, 117-152, 157-165\nopenhands/storage/web_hook.py                                           35     17    51%   35-39, 48-49, 60, 71, 79-80, 98-100, 117-119\n--------------------------------------------------------------------------------------------------\nTOTAL                                                                 7131   5973    16%\nCoverage HTML written to dir htmlcov\nCoverage JSON written to file coverage.json\n============================= 14 passed in 16.25s ==============================\n",
      "stderr": "",
      "test_count": 14,
      "passed": 14,
      "failed": 0,
      "skipped": 0,
      "coverage": {
        "percent_covered": 16.238956668068994,
        "covered_lines": 1158,
        "missing_lines": 5973,
        "num_statements": 7131
      }
    },
    "overall_success": true
  },
  "overall_success": true
}